[2022-05-01T12:57:24.485] [INFO] access - path:/admin/login | method:POST | ua:Mozilla/5.0 (Windows NT 10.0; Win64; x64) AppleWebKit/537.36 (KHTML, like Gecko) Chrome/100.0.4896.127 Safari/537.36
[2022-05-01T12:58:15.241] [INFO] access - path:/admin/login | method:POST | ua:Mozilla/5.0 (Windows NT 10.0; Win64; x64) AppleWebKit/537.36 (KHTML, like Gecko) Chrome/100.0.4896.127 Safari/537.36
[2022-05-01T13:06:18.219] [INFO] access - path:/admin/login | method:POST | ua:Mozilla/5.0 (Windows NT 10.0; Win64; x64) AppleWebKit/537.36 (KHTML, like Gecko) Chrome/100.0.4896.127 Safari/537.36
[2022-05-01T13:13:14.833] [INFO] access - path:/admin/login | method:POST | ua:Mozilla/5.0 (Windows NT 10.0; Win64; x64) AppleWebKit/537.36 (KHTML, like Gecko) Chrome/100.0.4896.127 Safari/537.36
[2022-05-01T13:47:53.231] [INFO] access - path:/admin/login | method:POST | ua:Mozilla/5.0 (Windows NT 10.0; Win64; x64) AppleWebKit/537.36 (KHTML, like Gecko) Chrome/100.0.4896.127 Safari/537.36
[2022-05-04T17:08:53.582] [INFO] access - path:/admin/login | method:POST | ua:Mozilla/5.0 (Windows NT 10.0; Win64; x64) AppleWebKit/537.36 (KHTML, like Gecko) Chrome/100.0.4896.127 Safari/537.36
[2022-05-04T17:10:37.079] [INFO] access - path:/admin/login | method:POST | ua:Mozilla/5.0 (Windows NT 10.0; Win64; x64) AppleWebKit/537.36 (KHTML, like Gecko) Chrome/100.0.4896.127 Safari/537.36
[2022-05-08T12:48:47.007] [INFO] access - path:/admin/login | method:POST | ua:Mozilla/5.0 (Windows NT 10.0; Win64; x64) AppleWebKit/537.36 (KHTML, like Gecko) Chrome/101.0.4951.54 Safari/537.36
[2022-05-08T12:49:09.335] [INFO] access - path:/admin/login | method:POST | ua:Mozilla/5.0 (Windows NT 10.0; Win64; x64) AppleWebKit/537.36 (KHTML, like Gecko) Chrome/101.0.4951.54 Safari/537.36
[2022-05-08T12:49:11.029] [INFO] access - path:/admin/login | method:POST | ua:Mozilla/5.0 (Windows NT 10.0; Win64; x64) AppleWebKit/537.36 (KHTML, like Gecko) Chrome/101.0.4951.54 Safari/537.36
[2022-05-08T12:49:18.727] [INFO] access - path:/admin/login | method:POST | ua:Mozilla/5.0 (Windows NT 10.0; Win64; x64) AppleWebKit/537.36 (KHTML, like Gecko) Chrome/101.0.4951.54 Safari/537.36
[2022-05-08T12:49:20.832] [INFO] access - path:/admin/getJobListByStudentId | method:POST | ua:Mozilla/5.0 (Windows NT 10.0; Win64; x64) AppleWebKit/537.36 (KHTML, like Gecko) Chrome/101.0.4951.54 Safari/537.36
[2022-05-08T12:50:09.026] [INFO] access - path:/admin/getHomeworkByJobId | method:POST | ua:Mozilla/5.0 (Windows NT 10.0; Win64; x64) AppleWebKit/537.36 (KHTML, like Gecko) Chrome/101.0.4951.54 Safari/537.36
[2022-05-08T12:50:10.873] [INFO] access - path:/admin/getJobListByStudentId | method:POST | ua:Mozilla/5.0 (Windows NT 10.0; Win64; x64) AppleWebKit/537.36 (KHTML, like Gecko) Chrome/101.0.4951.54 Safari/537.36
[2022-05-08T12:50:12.494] [INFO] access - path:/admin/getHomeworkByJobId | method:POST | ua:Mozilla/5.0 (Windows NT 10.0; Win64; x64) AppleWebKit/537.36 (KHTML, like Gecko) Chrome/101.0.4951.54 Safari/537.36
[2022-05-08T12:50:56.002] [INFO] access - path:/admin/getHomeworkByJobId | method:POST | ua:Mozilla/5.0 (Windows NT 10.0; Win64; x64) AppleWebKit/537.36 (KHTML, like Gecko) Chrome/101.0.4951.54 Safari/537.36
[2022-05-08T12:54:06.930] [INFO] access - path:/admin/getUserByStudentId | method:POST | ua:Mozilla/5.0 (Windows NT 10.0; Win64; x64) AppleWebKit/537.36 (KHTML, like Gecko) Chrome/101.0.4951.54 Safari/537.36
[2022-05-08T12:54:09.172] [INFO] access - path:/admin/getStudentMax | method:POST | ua:Mozilla/5.0 (Windows NT 10.0; Win64; x64) AppleWebKit/537.36 (KHTML, like Gecko) Chrome/101.0.4951.54 Safari/537.36
[2022-05-08T12:54:09.431] [INFO] access - path:/admin/getHomeworkByStudentIdPage | method:POST | ua:Mozilla/5.0 (Windows NT 10.0; Win64; x64) AppleWebKit/537.36 (KHTML, like Gecko) Chrome/101.0.4951.54 Safari/537.36
[2022-05-08T12:55:07.533] [INFO] access - path:/admin/getUserByStudentId | method:POST | ua:Mozilla/5.0 (Windows NT 10.0; Win64; x64) AppleWebKit/537.36 (KHTML, like Gecko) Chrome/101.0.4951.54 Safari/537.36
[2022-05-08T12:55:53.754] [INFO] access - path:/admin/getUserByStudentId | method:POST | ua:Mozilla/5.0 (Windows NT 10.0; Win64; x64) AppleWebKit/537.36 (KHTML, like Gecko) Chrome/101.0.4951.54 Safari/537.36
[2022-05-08T12:57:01.643] [INFO] access - path:/admin/login | method:POST | ua:Mozilla/5.0 (Windows NT 10.0; Win64; x64) AppleWebKit/537.36 (KHTML, like Gecko) Chrome/101.0.4951.54 Safari/537.36
[2022-05-08T12:57:27.406] [INFO] access - path:/admin/getClassListByTeacherId | method:POST | ua:Mozilla/5.0 (Windows NT 10.0; Win64; x64) AppleWebKit/537.36 (KHTML, like Gecko) Chrome/101.0.4951.54 Safari/537.36
[2022-05-08T12:57:30.611] [INFO] access - path:/admin/getClassListByTeacherId | method:POST | ua:Mozilla/5.0 (Windows NT 10.0; Win64; x64) AppleWebKit/537.36 (KHTML, like Gecko) Chrome/101.0.4951.54 Safari/537.36
[2022-05-08T13:00:05.533] [INFO] access - path:/admin/getClassListByTeacherId | method:POST | ua:Mozilla/5.0 (Windows NT 10.0; Win64; x64) AppleWebKit/537.36 (KHTML, like Gecko) Chrome/101.0.4951.54 Safari/537.36
[2022-05-08T13:00:05.690] [INFO] access - path:/admin/getHomeworkByTeacherId | method:POST | ua:Mozilla/5.0 (Windows NT 10.0; Win64; x64) AppleWebKit/537.36 (KHTML, like Gecko) Chrome/101.0.4951.54 Safari/537.36
[2022-05-08T13:00:05.749] [INFO] access - path:/admin/getHomeworkByTeacherId | method:POST | ua:Mozilla/5.0 (Windows NT 10.0; Win64; x64) AppleWebKit/537.36 (KHTML, like Gecko) Chrome/101.0.4951.54 Safari/537.36
[2022-05-08T13:16:57.415] [INFO] access - path:/admin/getClassListByTeacherId | method:POST | ua:Mozilla/5.0 (Windows NT 10.0; Win64; x64) AppleWebKit/537.36 (KHTML, like Gecko) Chrome/101.0.4951.54 Safari/537.36
[2022-05-08T13:17:47.946] [INFO] access - path:/admin/getClassListByTeacherId | method:POST | ua:Mozilla/5.0 (Windows NT 10.0; Win64; x64) AppleWebKit/537.36 (KHTML, like Gecko) Chrome/101.0.4951.54 Safari/537.36
[2022-05-08T13:17:48.225] [INFO] access - path:/admin/getHomeworkByTeacherIdMax | method:POST | ua:Mozilla/5.0 (Windows NT 10.0; Win64; x64) AppleWebKit/537.36 (KHTML, like Gecko) Chrome/101.0.4951.54 Safari/537.36
[2022-05-08T13:17:48.257] [INFO] access - path:/admin/getHomeworkByTeacherIdPage | method:POST | ua:Mozilla/5.0 (Windows NT 10.0; Win64; x64) AppleWebKit/537.36 (KHTML, like Gecko) Chrome/101.0.4951.54 Safari/537.36
[2022-05-08T13:18:42.304] [INFO] access - path:/admin/getChooseMax | method:GET | ua:Mozilla/5.0 (Windows NT 10.0; Win64; x64) AppleWebKit/537.36 (KHTML, like Gecko) Chrome/101.0.4951.54 Safari/537.36
[2022-05-08T13:18:42.617] [INFO] access - path:/admin/getChoose | method:POST | ua:Mozilla/5.0 (Windows NT 10.0; Win64; x64) AppleWebKit/537.36 (KHTML, like Gecko) Chrome/101.0.4951.54 Safari/537.36
[2022-05-08T13:18:42.623] [INFO] access - path:/admin/getChoose | method:POST | ua:Mozilla/5.0 (Windows NT 10.0; Win64; x64) AppleWebKit/537.36 (KHTML, like Gecko) Chrome/101.0.4951.54 Safari/537.36
[2022-05-08T13:18:43.797] [INFO] access - path:/admin/getClassListByTeacherId | method:POST | ua:Mozilla/5.0 (Windows NT 10.0; Win64; x64) AppleWebKit/537.36 (KHTML, like Gecko) Chrome/101.0.4951.54 Safari/537.36
[2022-05-08T13:18:44.102] [INFO] access - path:/admin/getHomeworkByTeacherIdMax | method:POST | ua:Mozilla/5.0 (Windows NT 10.0; Win64; x64) AppleWebKit/537.36 (KHTML, like Gecko) Chrome/101.0.4951.54 Safari/537.36
[2022-05-08T13:18:44.109] [INFO] access - path:/admin/getHomeworkByTeacherIdPage | method:POST | ua:Mozilla/5.0 (Windows NT 10.0; Win64; x64) AppleWebKit/537.36 (KHTML, like Gecko) Chrome/101.0.4951.54 Safari/537.36
[2022-05-08T13:20:01.906] [INFO] access - path:/admin/getChooseByGrouping | method:POST | ua:Mozilla/5.0 (Windows NT 10.0; Win64; x64) AppleWebKit/537.36 (KHTML, like Gecko) Chrome/101.0.4951.54 Safari/537.36
[2022-05-08T13:20:32.881] [INFO] access - path:/admin/getChooseMax | method:GET | ua:Mozilla/5.0 (Windows NT 10.0; Win64; x64) AppleWebKit/537.36 (KHTML, like Gecko) Chrome/101.0.4951.54 Safari/537.36
[2022-05-08T13:20:33.196] [INFO] access - path:/admin/getChoose | method:POST | ua:Mozilla/5.0 (Windows NT 10.0; Win64; x64) AppleWebKit/537.36 (KHTML, like Gecko) Chrome/101.0.4951.54 Safari/537.36
[2022-05-08T13:20:33.197] [INFO] access - path:/admin/getChoose | method:POST | ua:Mozilla/5.0 (Windows NT 10.0; Win64; x64) AppleWebKit/537.36 (KHTML, like Gecko) Chrome/101.0.4951.54 Safari/537.36
[2022-05-08T13:21:03.282] [INFO] access - path:/admin/getChooseMax | method:GET | ua:Mozilla/5.0 (Windows NT 10.0; Win64; x64) AppleWebKit/537.36 (KHTML, like Gecko) Chrome/101.0.4951.54 Safari/537.36
[2022-05-08T13:21:03.499] [INFO] access - path:/admin/getChoose | method:POST | ua:Mozilla/5.0 (Windows NT 10.0; Win64; x64) AppleWebKit/537.36 (KHTML, like Gecko) Chrome/101.0.4951.54 Safari/537.36
[2022-05-08T13:22:22.959] [INFO] access - path:/admin/getUserByStudentId | method:POST | ua:Mozilla/5.0 (Windows NT 10.0; Win64; x64) AppleWebKit/537.36 (KHTML, like Gecko) Chrome/101.0.4951.54 Safari/537.36
[2022-05-08T13:22:25.114] [INFO] access - path:/admin/getUserByStudentId | method:POST | ua:Mozilla/5.0 (Windows NT 10.0; Win64; x64) AppleWebKit/537.36 (KHTML, like Gecko) Chrome/101.0.4951.54 Safari/537.36
[2022-05-08T14:18:46.189] [INFO] access - path:/admin/login | method:POST | ua:Mozilla/5.0 (Windows NT 10.0; Win64; x64) AppleWebKit/537.36 (KHTML, like Gecko) Chrome/101.0.4951.54 Safari/537.36
[2022-05-08T14:18:49.248] [INFO] access - path:/admin/getChooseMax | method:GET | ua:Mozilla/5.0 (Windows NT 10.0; Win64; x64) AppleWebKit/537.36 (KHTML, like Gecko) Chrome/101.0.4951.54 Safari/537.36
[2022-05-08T14:18:49.255] [INFO] access - path:/admin/getChoose | method:POST | ua:Mozilla/5.0 (Windows NT 10.0; Win64; x64) AppleWebKit/537.36 (KHTML, like Gecko) Chrome/101.0.4951.54 Safari/537.36
[2022-05-08T14:19:22.876] [INFO] access - path:/admin/getClassListByTeacherId | method:POST | ua:Mozilla/5.0 (Windows NT 10.0; Win64; x64) AppleWebKit/537.36 (KHTML, like Gecko) Chrome/101.0.4951.54 Safari/537.36
[2022-05-08T14:19:22.906] [INFO] access - path:/admin/getHomeworkByTeacherId | method:POST | ua:Mozilla/5.0 (Windows NT 10.0; Win64; x64) AppleWebKit/537.36 (KHTML, like Gecko) Chrome/101.0.4951.54 Safari/537.36
[2022-05-08T14:19:23.237] [INFO] access - path:/admin/getHomeworkByTeacherId | method:POST | ua:Mozilla/5.0 (Windows NT 10.0; Win64; x64) AppleWebKit/537.36 (KHTML, like Gecko) Chrome/101.0.4951.54 Safari/537.36
[2022-05-08T14:19:35.212] [INFO] access - path:/admin/getClassListByTeacherId | method:POST | ua:Mozilla/5.0 (Windows NT 10.0; Win64; x64) AppleWebKit/537.36 (KHTML, like Gecko) Chrome/101.0.4951.54 Safari/537.36
[2022-05-08T14:19:35.465] [INFO] access - path:/admin/getHomeworkByTeacherIdMax | method:POST | ua:Mozilla/5.0 (Windows NT 10.0; Win64; x64) AppleWebKit/537.36 (KHTML, like Gecko) Chrome/101.0.4951.54 Safari/537.36
[2022-05-08T14:19:35.527] [INFO] access - path:/admin/getHomeworkByTeacherIdPage | method:POST | ua:Mozilla/5.0 (Windows NT 10.0; Win64; x64) AppleWebKit/537.36 (KHTML, like Gecko) Chrome/101.0.4951.54 Safari/537.36
[2022-05-08T14:19:46.025] [INFO] access - path:/admin/getHomeworkByTeacherIdPage | method:POST | ua:Mozilla/5.0 (Windows NT 10.0; Win64; x64) AppleWebKit/537.36 (KHTML, like Gecko) Chrome/101.0.4951.54 Safari/537.36
[2022-05-08T14:19:47.676] [INFO] access - path:/admin/getHomeworkByTeacherIdPage | method:POST | ua:Mozilla/5.0 (Windows NT 10.0; Win64; x64) AppleWebKit/537.36 (KHTML, like Gecko) Chrome/101.0.4951.54 Safari/537.36
[2022-05-08T14:22:38.201] [INFO] access - path:/admin/getChooseByGrouping | method:POST | ua:Mozilla/5.0 (Windows NT 10.0; Win64; x64) AppleWebKit/537.36 (KHTML, like Gecko) Chrome/101.0.4951.54 Safari/537.36
[2022-05-08T14:23:59.250] [INFO] access - path:/admin/getHomeworkByTeacherIdPage | method:POST | ua:Mozilla/5.0 (Windows NT 10.0; Win64; x64) AppleWebKit/537.36 (KHTML, like Gecko) Chrome/101.0.4951.54 Safari/537.36
[2022-05-08T14:24:04.056] [INFO] access - path:/admin/getChooseMax | method:GET | ua:Mozilla/5.0 (Windows NT 10.0; Win64; x64) AppleWebKit/537.36 (KHTML, like Gecko) Chrome/101.0.4951.54 Safari/537.36
[2022-05-08T14:24:04.374] [INFO] access - path:/admin/getChoose | method:POST | ua:Mozilla/5.0 (Windows NT 10.0; Win64; x64) AppleWebKit/537.36 (KHTML, like Gecko) Chrome/101.0.4951.54 Safari/537.36
[2022-05-08T14:24:06.275] [INFO] access - path:/admin/getClassListByTeacherId | method:POST | ua:Mozilla/5.0 (Windows NT 10.0; Win64; x64) AppleWebKit/537.36 (KHTML, like Gecko) Chrome/101.0.4951.54 Safari/537.36
[2022-05-08T14:24:06.587] [INFO] access - path:/admin/getHomeworkByTeacherIdMax | method:POST | ua:Mozilla/5.0 (Windows NT 10.0; Win64; x64) AppleWebKit/537.36 (KHTML, like Gecko) Chrome/101.0.4951.54 Safari/537.36
[2022-05-08T14:24:06.593] [INFO] access - path:/admin/getHomeworkByTeacherIdPage | method:POST | ua:Mozilla/5.0 (Windows NT 10.0; Win64; x64) AppleWebKit/537.36 (KHTML, like Gecko) Chrome/101.0.4951.54 Safari/537.36
[2022-05-08T14:26:12.708] [INFO] access - path:/admin/getChooseMax | method:GET | ua:Mozilla/5.0 (Windows NT 10.0; Win64; x64) AppleWebKit/537.36 (KHTML, like Gecko) Chrome/101.0.4951.54 Safari/537.36
[2022-05-08T14:26:12.719] [INFO] access - path:/admin/getChoose | method:POST | ua:Mozilla/5.0 (Windows NT 10.0; Win64; x64) AppleWebKit/537.36 (KHTML, like Gecko) Chrome/101.0.4951.54 Safari/537.36
[2022-05-08T14:26:42.420] [INFO] access - path:/admin/getChoose | method:POST | ua:Mozilla/5.0 (Windows NT 10.0; Win64; x64) AppleWebKit/537.36 (KHTML, like Gecko) Chrome/101.0.4951.54 Safari/537.36
[2022-05-08T14:27:10.549] [INFO] access - path:/admin/getJobListByStudentId | method:POST | ua:Mozilla/5.0 (Windows NT 10.0; Win64; x64) AppleWebKit/537.36 (KHTML, like Gecko) Chrome/101.0.4951.54 Safari/537.36
[2022-05-08T14:27:14.848] [INFO] access - path:/admin/getUserByStudentId | method:POST | ua:Mozilla/5.0 (Windows NT 10.0; Win64; x64) AppleWebKit/537.36 (KHTML, like Gecko) Chrome/101.0.4951.54 Safari/537.36
[2022-05-08T14:29:03.404] [INFO] access - path:/admin/getStudentMax | method:POST | ua:Mozilla/5.0 (Windows NT 10.0; Win64; x64) AppleWebKit/537.36 (KHTML, like Gecko) Chrome/101.0.4951.54 Safari/537.36
[2022-05-08T14:29:03.666] [INFO] access - path:/admin/getHomeworkByStudentIdPage | method:POST | ua:Mozilla/5.0 (Windows NT 10.0; Win64; x64) AppleWebKit/537.36 (KHTML, like Gecko) Chrome/101.0.4951.54 Safari/537.36
[2022-05-08T14:29:16.668] [INFO] access - path:/admin/getJobListByStudentId | method:POST | ua:Mozilla/5.0 (Windows NT 10.0; Win64; x64) AppleWebKit/537.36 (KHTML, like Gecko) Chrome/101.0.4951.54 Safari/537.36
[2022-05-08T14:29:23.232] [INFO] access - path:/admin/getHomeworkByJobId | method:POST | ua:Mozilla/5.0 (Windows NT 10.0; Win64; x64) AppleWebKit/537.36 (KHTML, like Gecko) Chrome/101.0.4951.54 Safari/537.36
[2022-05-08T14:29:30.007] [INFO] access - path:/admin/getJobListByStudentId | method:POST | ua:Mozilla/5.0 (Windows NT 10.0; Win64; x64) AppleWebKit/537.36 (KHTML, like Gecko) Chrome/101.0.4951.54 Safari/537.36
[2022-05-08T14:29:31.432] [INFO] access - path:/admin/getHomeworkByJobId | method:POST | ua:Mozilla/5.0 (Windows NT 10.0; Win64; x64) AppleWebKit/537.36 (KHTML, like Gecko) Chrome/101.0.4951.54 Safari/537.36
[2022-05-08T14:29:42.850] [INFO] access - path:/admin/getUserByStudentId | method:POST | ua:Mozilla/5.0 (Windows NT 10.0; Win64; x64) AppleWebKit/537.36 (KHTML, like Gecko) Chrome/101.0.4951.54 Safari/537.36
[2022-05-08T14:30:11.189] [INFO] access - path:/admin/getClassListByTeacherId | method:POST | ua:Mozilla/5.0 (Windows NT 10.0; Win64; x64) AppleWebKit/537.36 (KHTML, like Gecko) Chrome/101.0.4951.54 Safari/537.36
[2022-05-08T14:30:11.207] [INFO] access - path:/admin/getHomeworkByTeacherId | method:POST | ua:Mozilla/5.0 (Windows NT 10.0; Win64; x64) AppleWebKit/537.36 (KHTML, like Gecko) Chrome/101.0.4951.54 Safari/537.36
[2022-05-08T14:30:11.452] [INFO] access - path:/admin/getHomeworkByTeacherId | method:POST | ua:Mozilla/5.0 (Windows NT 10.0; Win64; x64) AppleWebKit/537.36 (KHTML, like Gecko) Chrome/101.0.4951.54 Safari/537.36
[2022-05-08T14:30:21.346] [INFO] access - path:/admin/getHomeworkByTeacherId | method:POST | ua:Mozilla/5.0 (Windows NT 10.0; Win64; x64) AppleWebKit/537.36 (KHTML, like Gecko) Chrome/101.0.4951.54 Safari/537.36
[2022-05-08T14:30:24.555] [INFO] access - path:/admin/getHomeworkByTeacherId | method:POST | ua:Mozilla/5.0 (Windows NT 10.0; Win64; x64) AppleWebKit/537.36 (KHTML, like Gecko) Chrome/101.0.4951.54 Safari/537.36
[2022-05-08T14:30:36.017] [INFO] access - path:/admin/getHomeworkByTeacherId | method:POST | ua:Mozilla/5.0 (Windows NT 10.0; Win64; x64) AppleWebKit/537.36 (KHTML, like Gecko) Chrome/101.0.4951.54 Safari/537.36
[2022-05-08T14:30:54.628] [INFO] access - path:/admin/getHomeworkByTeacherId | method:POST | ua:Mozilla/5.0 (Windows NT 10.0; Win64; x64) AppleWebKit/537.36 (KHTML, like Gecko) Chrome/101.0.4951.54 Safari/537.36
[2022-05-11T01:29:36.181] [INFO] access - path:/admin/login | method:POST | ua:Mozilla/5.0 (Windows NT 10.0; Win64; x64) AppleWebKit/537.36 (KHTML, like Gecko) Chrome/101.0.4951.54 Safari/537.36
[2022-05-11T01:29:37.954] [INFO] access - path:/admin/getClassListByTeacherId | method:POST | ua:Mozilla/5.0 (Windows NT 10.0; Win64; x64) AppleWebKit/537.36 (KHTML, like Gecko) Chrome/101.0.4951.54 Safari/537.36
[2022-05-11T01:29:37.986] [INFO] access - path:/admin/getHomeworkByTeacherId | method:POST | ua:Mozilla/5.0 (Windows NT 10.0; Win64; x64) AppleWebKit/537.36 (KHTML, like Gecko) Chrome/101.0.4951.54 Safari/537.36
[2022-05-11T01:29:38.023] [INFO] access - path:/admin/getHomeworkByTeacherId | method:POST | ua:Mozilla/5.0 (Windows NT 10.0; Win64; x64) AppleWebKit/537.36 (KHTML, like Gecko) Chrome/101.0.4951.54 Safari/537.36
[2022-05-11T01:31:34.838] [INFO] access - path:/admin/getClassListByTeacherId | method:POST | ua:Mozilla/5.0 (Windows NT 10.0; Win64; x64) AppleWebKit/537.36 (KHTML, like Gecko) Chrome/101.0.4951.54 Safari/537.36
[2022-05-11T01:31:34.849] [INFO] access - path:/admin/getHomeworkByTeacherIdMax | method:POST | ua:Mozilla/5.0 (Windows NT 10.0; Win64; x64) AppleWebKit/537.36 (KHTML, like Gecko) Chrome/101.0.4951.54 Safari/537.36
[2022-05-11T01:31:34.857] [INFO] access - path:/admin/getHomeworkByTeacherIdPage | method:POST | ua:Mozilla/5.0 (Windows NT 10.0; Win64; x64) AppleWebKit/537.36 (KHTML, like Gecko) Chrome/101.0.4951.54 Safari/537.36
[2022-05-11T01:33:45.768] [INFO] access - path:/admin/getChooseByGrouping | method:POST | ua:Mozilla/5.0 (Windows NT 10.0; Win64; x64) AppleWebKit/537.36 (KHTML, like Gecko) Chrome/101.0.4951.54 Safari/537.36
[2022-05-17T01:24:59.792] [INFO] access - path:/admin/login | method:POST | ua:Mozilla/5.0 (Windows NT 10.0; Win64; x64) AppleWebKit/537.36 (KHTML, like Gecko) Chrome/101.0.4951.67 Safari/537.36
[2022-05-17T01:25:01.810] [INFO] access - path:/admin/getJobListByStudentId | method:POST | ua:Mozilla/5.0 (Windows NT 10.0; Win64; x64) AppleWebKit/537.36 (KHTML, like Gecko) Chrome/101.0.4951.67 Safari/537.36
[2022-05-17T01:26:02.537] [INFO] access - path:/admin/getHomeworkByJobId | method:POST | ua:Mozilla/5.0 (Windows NT 10.0; Win64; x64) AppleWebKit/537.36 (KHTML, like Gecko) Chrome/101.0.4951.67 Safari/537.36
[2022-05-17T01:26:06.545] [INFO] access - path:/admin/getJobListByStudentId | method:POST | ua:Mozilla/5.0 (Windows NT 10.0; Win64; x64) AppleWebKit/537.36 (KHTML, like Gecko) Chrome/101.0.4951.67 Safari/537.36
[2022-05-17T01:26:07.608] [INFO] access - path:/admin/getHomeworkByJobId | method:POST | ua:Mozilla/5.0 (Windows NT 10.0; Win64; x64) AppleWebKit/537.36 (KHTML, like Gecko) Chrome/101.0.4951.67 Safari/537.36
[2022-05-17T01:52:05.403] [INFO] access - path:/admin/getStudentMax | method:POST | ua:Mozilla/5.0 (Windows NT 10.0; Win64; x64) AppleWebKit/537.36 (KHTML, like Gecko) Chrome/101.0.4951.67 Safari/537.36
[2022-05-17T01:52:05.413] [INFO] access - path:/admin/getHomeworkByStudentIdPage | method:POST | ua:Mozilla/5.0 (Windows NT 10.0; Win64; x64) AppleWebKit/537.36 (KHTML, like Gecko) Chrome/101.0.4951.67 Safari/537.36
[2022-05-17T02:09:49.629] [INFO] access - path:/admin/login | method:POST | ua:Mozilla/5.0 (Windows NT 10.0; Win64; x64) AppleWebKit/537.36 (KHTML, like Gecko) Chrome/101.0.4951.67 Safari/537.36
[2022-05-17T02:09:51.596] [INFO] access - path:/admin/getClassListByTeacherId | method:POST | ua:Mozilla/5.0 (Windows NT 10.0; Win64; x64) AppleWebKit/537.36 (KHTML, like Gecko) Chrome/101.0.4951.67 Safari/537.36
[2022-05-17T02:09:51.623] [INFO] access - path:/admin/getHomeworkByTeacherId | method:POST | ua:Mozilla/5.0 (Windows NT 10.0; Win64; x64) AppleWebKit/537.36 (KHTML, like Gecko) Chrome/101.0.4951.67 Safari/537.36
[2022-05-17T02:09:51.656] [INFO] access - path:/admin/getHomeworkByTeacherId | method:POST | ua:Mozilla/5.0 (Windows NT 10.0; Win64; x64) AppleWebKit/537.36 (KHTML, like Gecko) Chrome/101.0.4951.67 Safari/537.36
[2022-05-17T02:26:21.534] [INFO] access - path:/admin/getHomeworkByTeacherId | method:POST | ua:Mozilla/5.0 (Windows NT 10.0; Win64; x64) AppleWebKit/537.36 (KHTML, like Gecko) Chrome/101.0.4951.67 Safari/537.36
[2022-05-17T02:26:24.435] [INFO] access - path:/admin/getHomeworkByTeacherId | method:POST | ua:Mozilla/5.0 (Windows NT 10.0; Win64; x64) AppleWebKit/537.36 (KHTML, like Gecko) Chrome/101.0.4951.67 Safari/537.36
[2022-05-17T02:26:37.388] [INFO] access - path:/admin/getClassListByTeacherId | method:POST | ua:Mozilla/5.0 (Windows NT 10.0; Win64; x64) AppleWebKit/537.36 (KHTML, like Gecko) Chrome/101.0.4951.67 Safari/537.36
[2022-05-17T02:26:37.399] [INFO] access - path:/admin/getHomeworkByTeacherIdMax | method:POST | ua:Mozilla/5.0 (Windows NT 10.0; Win64; x64) AppleWebKit/537.36 (KHTML, like Gecko) Chrome/101.0.4951.67 Safari/537.36
[2022-05-17T02:26:37.405] [INFO] access - path:/admin/getHomeworkByTeacherIdPage | method:POST | ua:Mozilla/5.0 (Windows NT 10.0; Win64; x64) AppleWebKit/537.36 (KHTML, like Gecko) Chrome/101.0.4951.67 Safari/537.36
[2022-05-17T03:53:49.983] [INFO] access - path:/admin/getChooseMax | method:GET | ua:Mozilla/5.0 (Windows NT 10.0; Win64; x64) AppleWebKit/537.36 (KHTML, like Gecko) Chrome/101.0.4951.67 Safari/537.36
[2022-05-17T03:53:50.192] [INFO] access - path:/admin/getChoose | method:POST | ua:Mozilla/5.0 (Windows NT 10.0; Win64; x64) AppleWebKit/537.36 (KHTML, like Gecko) Chrome/101.0.4951.67 Safari/537.36
[2022-05-17T13:30:26.108] [INFO] access - path:/admin/login | method:POST | ua:Mozilla/5.0 (Windows NT 10.0; Win64; x64) AppleWebKit/537.36 (KHTML, like Gecko) Chrome/101.0.4951.67 Safari/537.36
[2022-05-17T13:30:28.624] [INFO] access - path:/admin/getJobListByStudentId | method:POST | ua:Mozilla/5.0 (Windows NT 10.0; Win64; x64) AppleWebKit/537.36 (KHTML, like Gecko) Chrome/101.0.4951.67 Safari/537.36
[2022-05-17T13:31:46.148] [INFO] access - path:/admin/getHomeworkByJobId | method:POST | ua:Mozilla/5.0 (Windows NT 10.0; Win64; x64) AppleWebKit/537.36 (KHTML, like Gecko) Chrome/101.0.4951.67 Safari/537.36
[2022-05-17T13:53:17.397] [INFO] access - path:/admin/login | method:POST | ua:Mozilla/5.0 (Windows NT 10.0; Win64; x64) AppleWebKit/537.36 (KHTML, like Gecko) Chrome/101.0.4951.67 Safari/537.36
[2022-05-17T13:53:20.089] [INFO] access - path:/admin/getClassListByTeacherId | method:POST | ua:Mozilla/5.0 (Windows NT 10.0; Win64; x64) AppleWebKit/537.36 (KHTML, like Gecko) Chrome/101.0.4951.67 Safari/537.36
[2022-05-17T13:53:20.099] [INFO] access - path:/admin/getHomeworkByTeacherIdMax | method:POST | ua:Mozilla/5.0 (Windows NT 10.0; Win64; x64) AppleWebKit/537.36 (KHTML, like Gecko) Chrome/101.0.4951.67 Safari/537.36
[2022-05-17T13:53:20.323] [INFO] access - path:/admin/getHomeworkByTeacherIdPage | method:POST | ua:Mozilla/5.0 (Windows NT 10.0; Win64; x64) AppleWebKit/537.36 (KHTML, like Gecko) Chrome/101.0.4951.67 Safari/537.36
[2022-05-17T14:01:54.774] [INFO] access - path:/admin/getChooseByGrouping | method:POST | ua:Mozilla/5.0 (Windows NT 10.0; Win64; x64) AppleWebKit/537.36 (KHTML, like Gecko) Chrome/101.0.4951.67 Safari/537.36
[2022-05-17T14:04:13.848] [INFO] access - path:/admin/getChooseByGrouping | method:POST | ua:Mozilla/5.0 (Windows NT 10.0; Win64; x64) AppleWebKit/537.36 (KHTML, like Gecko) Chrome/101.0.4951.67 Safari/537.36
[2022-05-17T14:08:29.941] [INFO] access - path:/admin/homeworkIssue | method:POST | ua:Mozilla/5.0 (Windows NT 10.0; Win64; x64) AppleWebKit/537.36 (KHTML, like Gecko) Chrome/101.0.4951.67 Safari/537.36
[2022-05-17T14:08:30.203] [INFO] access - path:/admin/getHomeworkByTeacherIdPage | method:POST | ua:Mozilla/5.0 (Windows NT 10.0; Win64; x64) AppleWebKit/537.36 (KHTML, like Gecko) Chrome/101.0.4951.67 Safari/537.36
[2022-05-17T14:08:31.262] [INFO] access - path:/admin/getHomeworkByTeacherIdPage | method:POST | ua:Mozilla/5.0 (Windows NT 10.0; Win64; x64) AppleWebKit/537.36 (KHTML, like Gecko) Chrome/101.0.4951.67 Safari/537.36
[2022-05-17T14:10:44.171] [INFO] access - path:/admin/getJobListByStudentId | method:POST | ua:Mozilla/5.0 (Windows NT 10.0; Win64; x64) AppleWebKit/537.36 (KHTML, like Gecko) Chrome/101.0.4951.67 Safari/537.36
[2022-05-17T14:10:46.684] [INFO] access - path:/admin/getStudentMax | method:POST | ua:Mozilla/5.0 (Windows NT 10.0; Win64; x64) AppleWebKit/537.36 (KHTML, like Gecko) Chrome/101.0.4951.67 Safari/537.36
[2022-05-17T14:10:46.964] [INFO] access - path:/admin/getHomeworkByStudentIdPage | method:POST | ua:Mozilla/5.0 (Windows NT 10.0; Win64; x64) AppleWebKit/537.36 (KHTML, like Gecko) Chrome/101.0.4951.67 Safari/537.36
[2022-05-17T14:10:47.185] [INFO] access - path:/admin/getJobListByStudentId | method:POST | ua:Mozilla/5.0 (Windows NT 10.0; Win64; x64) AppleWebKit/537.36 (KHTML, like Gecko) Chrome/101.0.4951.67 Safari/537.36
[2022-05-17T14:10:48.892] [INFO] access - path:/admin/getHomeworkByJobId | method:POST | ua:Mozilla/5.0 (Windows NT 10.0; Win64; x64) AppleWebKit/537.36 (KHTML, like Gecko) Chrome/101.0.4951.67 Safari/537.36
[2022-05-17T14:10:49.917] [INFO] access - path:/admin/getJobListByStudentId | method:POST | ua:Mozilla/5.0 (Windows NT 10.0; Win64; x64) AppleWebKit/537.36 (KHTML, like Gecko) Chrome/101.0.4951.67 Safari/537.36
[2022-05-19T10:07:11.979] [INFO] access - path:/admin/login | method:POST | ua:Mozilla/5.0 (Windows NT 10.0; Win64; x64) AppleWebKit/537.36 (KHTML, like Gecko) Chrome/101.0.4951.67 Safari/537.36
[2022-05-19T10:07:14.879] [INFO] access - path:/admin/login | method:POST | ua:Mozilla/5.0 (Windows NT 10.0; Win64; x64) AppleWebKit/537.36 (KHTML, like Gecko) Chrome/101.0.4951.67 Safari/537.36
[2022-05-19T10:07:25.167] [INFO] access - path:/admin/login | method:POST | ua:Mozilla/5.0 (Windows NT 10.0; Win64; x64) AppleWebKit/537.36 (KHTML, like Gecko) Chrome/101.0.4951.67 Safari/537.36
[2022-05-19T10:08:37.882] [INFO] access - path:/admin/addAdmin | method:POST | ua:Mozilla/5.0 (Windows NT 10.0; Win64; x64) AppleWebKit/537.36 (KHTML, like Gecko) Chrome/101.0.4951.67 Safari/537.36
[2022-05-19T10:21:22.190] [INFO] access - path:/admin/addAdmin | method:POST | ua:Mozilla/5.0 (Windows NT 10.0; Win64; x64) AppleWebKit/537.36 (KHTML, like Gecko) Chrome/101.0.4951.67 Safari/537.36
[2022-05-19T10:21:29.284] [INFO] access - path:/admin/addAdmin | method:POST | ua:Mozilla/5.0 (Windows NT 10.0; Win64; x64) AppleWebKit/537.36 (KHTML, like Gecko) Chrome/101.0.4951.67 Safari/537.36
[2022-05-19T10:23:30.406] [INFO] access - path:/admin/login | method:POST | ua:Mozilla/5.0 (Windows NT 10.0; Win64; x64) AppleWebKit/537.36 (KHTML, like Gecko) Chrome/101.0.4951.67 Safari/537.36
[2022-05-19T10:23:33.635] [INFO] access - path:/admin/getChooseMax | method:GET | ua:Mozilla/5.0 (Windows NT 10.0; Win64; x64) AppleWebKit/537.36 (KHTML, like Gecko) Chrome/101.0.4951.67 Safari/537.36
[2022-05-19T10:23:33.654] [INFO] access - path:/admin/getChoose | method:POST | ua:Mozilla/5.0 (Windows NT 10.0; Win64; x64) AppleWebKit/537.36 (KHTML, like Gecko) Chrome/101.0.4951.67 Safari/537.36
[2022-05-19T10:23:57.121] [INFO] access - path:/admin/issueChoose | method:POST | ua:Mozilla/5.0 (Windows NT 10.0; Win64; x64) AppleWebKit/537.36 (KHTML, like Gecko) Chrome/101.0.4951.67 Safari/537.36
[2022-05-19T10:24:54.250] [INFO] access - path:/admin/getChooseMax | method:GET | ua:Mozilla/5.0 (Windows NT 10.0; Win64; x64) AppleWebKit/537.36 (KHTML, like Gecko) Chrome/101.0.4951.67 Safari/537.36
[2022-05-19T10:24:54.423] [INFO] access - path:/admin/getChoose | method:POST | ua:Mozilla/5.0 (Windows NT 10.0; Win64; x64) AppleWebKit/537.36 (KHTML, like Gecko) Chrome/101.0.4951.67 Safari/537.36
[2022-05-19T10:25:06.454] [INFO] access - path:/admin/issueChoose | method:POST | ua:Mozilla/5.0 (Windows NT 10.0; Win64; x64) AppleWebKit/537.36 (KHTML, like Gecko) Chrome/101.0.4951.67 Safari/537.36
[2022-05-19T10:26:50.205] [INFO] access - path:/admin/getChooseMax | method:GET | ua:Mozilla/5.0 (Windows NT 10.0; Win64; x64) AppleWebKit/537.36 (KHTML, like Gecko) Chrome/101.0.4951.67 Safari/537.36
[2022-05-19T10:26:50.375] [INFO] access - path:/admin/getChoose | method:POST | ua:Mozilla/5.0 (Windows NT 10.0; Win64; x64) AppleWebKit/537.36 (KHTML, like Gecko) Chrome/101.0.4951.67 Safari/537.36
[2022-05-19T10:27:03.055] [INFO] access - path:/admin/issueChoose | method:POST | ua:Mozilla/5.0 (Windows NT 10.0; Win64; x64) AppleWebKit/537.36 (KHTML, like Gecko) Chrome/101.0.4951.67 Safari/537.36
[2022-05-19T10:27:35.734] [INFO] access - path:/admin/getChooseMax | method:GET | ua:Mozilla/5.0 (Windows NT 10.0; Win64; x64) AppleWebKit/537.36 (KHTML, like Gecko) Chrome/101.0.4951.67 Safari/537.36
[2022-05-19T10:27:35.749] [INFO] access - path:/admin/getChoose | method:POST | ua:Mozilla/5.0 (Windows NT 10.0; Win64; x64) AppleWebKit/537.36 (KHTML, like Gecko) Chrome/101.0.4951.67 Safari/537.36
[2022-05-19T10:29:41.012] [INFO] access - path:/admin/login | method:POST | ua:Mozilla/5.0 (Windows NT 10.0; Win64; x64) AppleWebKit/537.36 (KHTML, like Gecko) Chrome/101.0.4951.67 Safari/537.36
[2022-05-19T10:29:43.407] [INFO] access - path:/admin/getChooseMax | method:GET | ua:Mozilla/5.0 (Windows NT 10.0; Win64; x64) AppleWebKit/537.36 (KHTML, like Gecko) Chrome/101.0.4951.67 Safari/537.36
[2022-05-19T10:29:43.414] [INFO] access - path:/admin/getChoose | method:POST | ua:Mozilla/5.0 (Windows NT 10.0; Win64; x64) AppleWebKit/537.36 (KHTML, like Gecko) Chrome/101.0.4951.67 Safari/537.36
[2022-05-19T10:29:57.660] [INFO] access - path:/admin/issueChoose | method:POST | ua:Mozilla/5.0 (Windows NT 10.0; Win64; x64) AppleWebKit/537.36 (KHTML, like Gecko) Chrome/101.0.4951.67 Safari/537.36
[2022-05-19T10:30:22.134] [INFO] access - path:/admin/getChooseMax | method:GET | ua:Mozilla/5.0 (Windows NT 10.0; Win64; x64) AppleWebKit/537.36 (KHTML, like Gecko) Chrome/101.0.4951.67 Safari/537.36
[2022-05-19T10:30:22.145] [INFO] access - path:/admin/getChoose | method:POST | ua:Mozilla/5.0 (Windows NT 10.0; Win64; x64) AppleWebKit/537.36 (KHTML, like Gecko) Chrome/101.0.4951.67 Safari/537.36
[2022-05-19T10:30:53.447] [INFO] access - path:/admin/issueChoose | method:POST | ua:Mozilla/5.0 (Windows NT 10.0; Win64; x64) AppleWebKit/537.36 (KHTML, like Gecko) Chrome/101.0.4951.67 Safari/537.36
[2022-05-19T10:43:23.251] [INFO] access - path:/admin/getChooseMax | method:GET | ua:Mozilla/5.0 (Windows NT 10.0; Win64; x64) AppleWebKit/537.36 (KHTML, like Gecko) Chrome/101.0.4951.67 Safari/537.36
[2022-05-19T10:43:23.404] [INFO] access - path:/admin/getChoose | method:POST | ua:Mozilla/5.0 (Windows NT 10.0; Win64; x64) AppleWebKit/537.36 (KHTML, like Gecko) Chrome/101.0.4951.67 Safari/537.36
[2022-05-19T10:43:34.308] [INFO] access - path:/admin/issueChoose | method:POST | ua:Mozilla/5.0 (Windows NT 10.0; Win64; x64) AppleWebKit/537.36 (KHTML, like Gecko) Chrome/101.0.4951.67 Safari/537.36
[2022-05-19T10:43:48.737] [INFO] access - path:/admin/getChooseMax | method:GET | ua:Mozilla/5.0 (Windows NT 10.0; Win64; x64) AppleWebKit/537.36 (KHTML, like Gecko) Chrome/101.0.4951.67 Safari/537.36
[2022-05-19T10:43:49.001] [INFO] access - path:/admin/getChoose | method:POST | ua:Mozilla/5.0 (Windows NT 10.0; Win64; x64) AppleWebKit/537.36 (KHTML, like Gecko) Chrome/101.0.4951.67 Safari/537.36
[2022-05-19T11:05:19.777] [INFO] access - path:/admin/getChooseMax | method:GET | ua:Mozilla/5.0 (Windows NT 10.0; Win64; x64) AppleWebKit/537.36 (KHTML, like Gecko) Chrome/101.0.4951.67 Safari/537.36
[2022-05-19T11:05:19.950] [INFO] access - path:/admin/getChoose | method:POST | ua:Mozilla/5.0 (Windows NT 10.0; Win64; x64) AppleWebKit/537.36 (KHTML, like Gecko) Chrome/101.0.4951.67 Safari/537.36
[2022-05-19T11:05:32.565] [INFO] access - path:/admin/issueChoose | method:POST | ua:Mozilla/5.0 (Windows NT 10.0; Win64; x64) AppleWebKit/537.36 (KHTML, like Gecko) Chrome/101.0.4951.67 Safari/537.36
[2022-05-19T11:05:44.537] [INFO] access - path:/admin/getChooseMax | method:GET | ua:Mozilla/5.0 (Windows NT 10.0; Win64; x64) AppleWebKit/537.36 (KHTML, like Gecko) Chrome/101.0.4951.67 Safari/537.36
[2022-05-19T11:05:44.805] [INFO] access - path:/admin/getChoose | method:POST | ua:Mozilla/5.0 (Windows NT 10.0; Win64; x64) AppleWebKit/537.36 (KHTML, like Gecko) Chrome/101.0.4951.67 Safari/537.36
[2022-05-19T11:21:21.477] [INFO] access - path:/admin/getChooseMax | method:GET | ua:Mozilla/5.0 (Windows NT 10.0; Win64; x64) AppleWebKit/537.36 (KHTML, like Gecko) Chrome/101.0.4951.67 Safari/537.36
[2022-05-19T11:21:21.707] [INFO] access - path:/admin/getChoose | method:POST | ua:Mozilla/5.0 (Windows NT 10.0; Win64; x64) AppleWebKit/537.36 (KHTML, like Gecko) Chrome/101.0.4951.67 Safari/537.36
[2022-05-19T11:21:37.757] [INFO] access - path:/admin/issueChoose | method:POST | ua:Mozilla/5.0 (Windows NT 10.0; Win64; x64) AppleWebKit/537.36 (KHTML, like Gecko) Chrome/101.0.4951.67 Safari/537.36
[2022-05-19T11:21:40.411] [INFO] access - path:/admin/issueChoose | method:POST | ua:Mozilla/5.0 (Windows NT 10.0; Win64; x64) AppleWebKit/537.36 (KHTML, like Gecko) Chrome/101.0.4951.67 Safari/537.36
[2022-05-19T11:21:46.562] [INFO] access - path:/admin/getChooseMax | method:GET | ua:Mozilla/5.0 (Windows NT 10.0; Win64; x64) AppleWebKit/537.36 (KHTML, like Gecko) Chrome/101.0.4951.67 Safari/537.36
[2022-05-19T11:21:46.772] [INFO] access - path:/admin/getChoose | method:POST | ua:Mozilla/5.0 (Windows NT 10.0; Win64; x64) AppleWebKit/537.36 (KHTML, like Gecko) Chrome/101.0.4951.67 Safari/537.36
[2022-05-19T11:21:59.690] [INFO] access - path:/admin/issueChoose | method:POST | ua:Mozilla/5.0 (Windows NT 10.0; Win64; x64) AppleWebKit/537.36 (KHTML, like Gecko) Chrome/101.0.4951.67 Safari/537.36
[2022-05-19T11:25:51.906] [INFO] access - path:/admin/issueChoose | method:POST | ua:Mozilla/5.0 (Windows NT 10.0; Win64; x64) AppleWebKit/537.36 (KHTML, like Gecko) Chrome/101.0.4951.67 Safari/537.36
[2022-05-19T11:26:06.489] [INFO] access - path:/admin/getChooseMax | method:GET | ua:Mozilla/5.0 (Windows NT 10.0; Win64; x64) AppleWebKit/537.36 (KHTML, like Gecko) Chrome/101.0.4951.67 Safari/537.36
[2022-05-19T11:26:06.760] [INFO] access - path:/admin/getChoose | method:POST | ua:Mozilla/5.0 (Windows NT 10.0; Win64; x64) AppleWebKit/537.36 (KHTML, like Gecko) Chrome/101.0.4951.67 Safari/537.36
[2022-05-19T11:27:28.886] [INFO] access - path:/admin/getChoose | method:POST | ua:Mozilla/5.0 (Windows NT 10.0; Win64; x64) AppleWebKit/537.36 (KHTML, like Gecko) Chrome/101.0.4951.67 Safari/537.36
[2022-05-19T11:31:01.417] [INFO] access - path:/admin/getChoose | method:POST | ua:Mozilla/5.0 (Windows NT 10.0; Win64; x64) AppleWebKit/537.36 (KHTML, like Gecko) Chrome/101.0.4951.67 Safari/537.36
[2022-05-19T11:31:29.740] [INFO] access - path:/admin/getChooseMax | method:GET | ua:Mozilla/5.0 (Windows NT 10.0; Win64; x64) AppleWebKit/537.36 (KHTML, like Gecko) Chrome/101.0.4951.67 Safari/537.36
[2022-05-19T11:31:30.009] [INFO] access - path:/admin/getChoose | method:POST | ua:Mozilla/5.0 (Windows NT 10.0; Win64; x64) AppleWebKit/537.36 (KHTML, like Gecko) Chrome/101.0.4951.67 Safari/537.36
[2022-06-05T08:05:35.938] [INFO] access - path:/admin/login | method:POST | ua:Mozilla/5.0 (Windows NT 10.0; Win64; x64) AppleWebKit/537.36 (KHTML, like Gecko) Chrome/102.0.0.0 Safari/537.36
[2022-06-05T08:06:20.222] [INFO] access - path:/admin/login | method:POST | ua:Mozilla/5.0 (Windows NT 10.0; Win64; x64) AppleWebKit/537.36 (KHTML, like Gecko) Chrome/102.0.0.0 Safari/537.36
[2022-06-05T08:06:51.030] [INFO] access - path:/admin/login | method:POST | ua:Mozilla/5.0 (Windows NT 10.0; Win64; x64) AppleWebKit/537.36 (KHTML, like Gecko) Chrome/102.0.0.0 Safari/537.36
[2022-06-05T08:07:06.644] [INFO] access - path:/admin/login | method:POST | ua:Mozilla/5.0 (Windows NT 10.0; Win64; x64) AppleWebKit/537.36 (KHTML, like Gecko) Chrome/102.0.0.0 Safari/537.36
[2022-06-05T08:07:49.326] [INFO] access - path:/admin/getClassListByTeacherId | method:POST | ua:Mozilla/5.0 (Windows NT 10.0; Win64; x64) AppleWebKit/537.36 (KHTML, like Gecko) Chrome/102.0.0.0 Safari/537.36
[2022-06-05T08:07:49.361] [INFO] access - path:/admin/getHomeworkByTeacherId | method:POST | ua:Mozilla/5.0 (Windows NT 10.0; Win64; x64) AppleWebKit/537.36 (KHTML, like Gecko) Chrome/102.0.0.0 Safari/537.36
[2022-06-05T08:07:49.402] [INFO] access - path:/admin/getHomeworkByTeacherId | method:POST | ua:Mozilla/5.0 (Windows NT 10.0; Win64; x64) AppleWebKit/537.36 (KHTML, like Gecko) Chrome/102.0.0.0 Safari/537.36
[2022-06-05T08:09:14.002] [INFO] access - path:/admin/login | method:POST | ua:Mozilla/5.0 (Windows NT 10.0; Win64; x64) AppleWebKit/537.36 (KHTML, like Gecko) Chrome/102.0.0.0 Safari/537.36
[2022-06-05T08:09:14.088] [INFO] access - path:/admin/getClassListByTeacherId | method:POST | ua:Mozilla/5.0 (Windows NT 10.0; Win64; x64) AppleWebKit/537.36 (KHTML, like Gecko) Chrome/102.0.0.0 Safari/537.36
[2022-06-05T08:09:14.412] [INFO] access - path:/admin/getHomeworkByTeacherId | method:POST | ua:Mozilla/5.0 (Windows NT 10.0; Win64; x64) AppleWebKit/537.36 (KHTML, like Gecko) Chrome/102.0.0.0 Safari/537.36
[2022-06-05T08:09:14.434] [INFO] access - path:/admin/getHomeworkByTeacherId | method:POST | ua:Mozilla/5.0 (Windows NT 10.0; Win64; x64) AppleWebKit/537.36 (KHTML, like Gecko) Chrome/102.0.0.0 Safari/537.36
[2022-06-05T08:09:34.170] [INFO] access - path:/admin/login | method:POST | ua:Mozilla/5.0 (Windows NT 10.0; Win64; x64) AppleWebKit/537.36 (KHTML, like Gecko) Chrome/102.0.0.0 Safari/537.36
[2022-06-05T08:09:34.751] [INFO] access - path:/admin/getJobListByStudentId | method:POST | ua:Mozilla/5.0 (Windows NT 10.0; Win64; x64) AppleWebKit/537.36 (KHTML, like Gecko) Chrome/102.0.0.0 Safari/537.36
[2022-06-05T08:14:27.999] [INFO] access - path:/admin/getUserByStudentId | method:POST | ua:Mozilla/5.0 (Windows NT 10.0; Win64; x64) AppleWebKit/537.36 (KHTML, like Gecko) Chrome/102.0.0.0 Safari/537.36
[2022-06-05T08:14:30.345] [INFO] access - path:/admin/getStudentMax | method:POST | ua:Mozilla/5.0 (Windows NT 10.0; Win64; x64) AppleWebKit/537.36 (KHTML, like Gecko) Chrome/102.0.0.0 Safari/537.36
[2022-06-05T08:14:30.352] [INFO] access - path:/admin/getHomeworkByStudentIdPage | method:POST | ua:Mozilla/5.0 (Windows NT 10.0; Win64; x64) AppleWebKit/537.36 (KHTML, like Gecko) Chrome/102.0.0.0 Safari/537.36
[2022-06-05T08:14:33.403] [INFO] access - path:/admin/getJobListByStudentId | method:POST | ua:Mozilla/5.0 (Windows NT 10.0; Win64; x64) AppleWebKit/537.36 (KHTML, like Gecko) Chrome/102.0.0.0 Safari/537.36
[2022-06-05T08:16:05.510] [INFO] access - path:/admin/getJobListByStudentId | method:POST | ua:Mozilla/5.0 (Windows NT 10.0; Win64; x64) AppleWebKit/537.36 (KHTML, like Gecko) Chrome/102.0.0.0 Safari/537.36
[2022-06-05T08:16:11.449] [INFO] access - path:/admin/getHomeworkByJobId | method:POST | ua:Mozilla/5.0 (Windows NT 10.0; Win64; x64) AppleWebKit/537.36 (KHTML, like Gecko) Chrome/102.0.0.0 Safari/537.36
[2022-06-05T08:16:19.164] [INFO] access - path:/admin/getJobListByStudentId | method:POST | ua:Mozilla/5.0 (Windows NT 10.0; Win64; x64) AppleWebKit/537.36 (KHTML, like Gecko) Chrome/102.0.0.0 Safari/537.36
[2022-06-05T08:16:23.471] [INFO] access - path:/admin/getStudentMax | method:POST | ua:Mozilla/5.0 (Windows NT 10.0; Win64; x64) AppleWebKit/537.36 (KHTML, like Gecko) Chrome/102.0.0.0 Safari/537.36
[2022-06-05T08:16:23.478] [INFO] access - path:/admin/getHomeworkByStudentIdPage | method:POST | ua:Mozilla/5.0 (Windows NT 10.0; Win64; x64) AppleWebKit/537.36 (KHTML, like Gecko) Chrome/102.0.0.0 Safari/537.36
[2022-06-05T08:17:43.857] [INFO] access - path:/admin/getJobListByStudentId | method:POST | ua:Mozilla/5.0 (Windows NT 10.0; Win64; x64) AppleWebKit/537.36 (KHTML, like Gecko) Chrome/102.0.0.0 Safari/537.36
[2022-06-05T08:17:47.335] [INFO] access - path:/admin/getHomeworkByJobId | method:POST | ua:Mozilla/5.0 (Windows NT 10.0; Win64; x64) AppleWebKit/537.36 (KHTML, like Gecko) Chrome/102.0.0.0 Safari/537.36
[2022-06-05T08:23:17.514] [INFO] access - path:/admin/getHomeworkByJobId | method:POST | ua:Mozilla/5.0 (Windows NT 10.0; Win64; x64) AppleWebKit/537.36 (KHTML, like Gecko) Chrome/102.0.0.0 Safari/537.36
[2022-06-05T08:24:13.561] [INFO] access - path:/admin/getHomeworkByJobId | method:POST | ua:Mozilla/5.0 (Windows NT 10.0; Win64; x64) AppleWebKit/537.36 (KHTML, like Gecko) Chrome/102.0.0.0 Safari/537.36
[2022-06-05T08:24:23.750] [INFO] access - path:/admin/writingHomework | method:POST | ua:Mozilla/5.0 (Windows NT 10.0; Win64; x64) AppleWebKit/537.36 (KHTML, like Gecko) Chrome/102.0.0.0 Safari/537.36
[2022-06-05T08:28:59.495] [INFO] access - path:/admin/getHomeworkByJobId | method:POST | ua:Mozilla/5.0 (Windows NT 10.0; Win64; x64) AppleWebKit/537.36 (KHTML, like Gecko) Chrome/102.0.0.0 Safari/537.36
[2022-06-05T08:29:04.071] [INFO] access - path:/admin/writingHomework | method:POST | ua:Mozilla/5.0 (Windows NT 10.0; Win64; x64) AppleWebKit/537.36 (KHTML, like Gecko) Chrome/102.0.0.0 Safari/537.36
[2022-06-05T08:29:34.197] [INFO] access - path:/admin/getHomeworkByJobId | method:POST | ua:Mozilla/5.0 (Windows NT 10.0; Win64; x64) AppleWebKit/537.36 (KHTML, like Gecko) Chrome/102.0.0.0 Safari/537.36
[2022-06-05T08:29:36.508] [INFO] access - path:/admin/writingHomework | method:POST | ua:Mozilla/5.0 (Windows NT 10.0; Win64; x64) AppleWebKit/537.36 (KHTML, like Gecko) Chrome/102.0.0.0 Safari/537.36
[2022-06-05T08:31:59.600] [INFO] access - path:/admin/getHomeworkByJobId | method:POST | ua:Mozilla/5.0 (Windows NT 10.0; Win64; x64) AppleWebKit/537.36 (KHTML, like Gecko) Chrome/102.0.0.0 Safari/537.36
[2022-06-05T08:32:02.885] [INFO] access - path:/admin/writingHomework | method:POST | ua:Mozilla/5.0 (Windows NT 10.0; Win64; x64) AppleWebKit/537.36 (KHTML, like Gecko) Chrome/102.0.0.0 Safari/537.36
[2022-06-05T08:33:29.374] [INFO] access - path:/admin/getHomeworkByJobId | method:POST | ua:Mozilla/5.0 (Windows NT 10.0; Win64; x64) AppleWebKit/537.36 (KHTML, like Gecko) Chrome/102.0.0.0 Safari/537.36
[2022-06-05T08:33:32.554] [INFO] access - path:/admin/writingHomework | method:POST | ua:Mozilla/5.0 (Windows NT 10.0; Win64; x64) AppleWebKit/537.36 (KHTML, like Gecko) Chrome/102.0.0.0 Safari/537.36
[2022-06-05T08:33:37.826] [INFO] access - path:/admin/getJobListByStudentId | method:POST | ua:Mozilla/5.0 (Windows NT 10.0; Win64; x64) AppleWebKit/537.36 (KHTML, like Gecko) Chrome/102.0.0.0 Safari/537.36
[2022-06-05T08:33:50.238] [INFO] access - path:/admin/getChooseMax | method:GET | ua:Mozilla/5.0 (Windows NT 10.0; Win64; x64) AppleWebKit/537.36 (KHTML, like Gecko) Chrome/102.0.0.0 Safari/537.36
[2022-06-05T08:33:50.257] [INFO] access - path:/admin/getChoose | method:POST | ua:Mozilla/5.0 (Windows NT 10.0; Win64; x64) AppleWebKit/537.36 (KHTML, like Gecko) Chrome/102.0.0.0 Safari/537.36
[2022-06-05T08:34:23.940] [INFO] access - path:/admin/issueChoose | method:POST | ua:Mozilla/5.0 (Windows NT 10.0; Win64; x64) AppleWebKit/537.36 (KHTML, like Gecko) Chrome/102.0.0.0 Safari/537.36
[2022-06-05T08:34:32.369] [INFO] access - path:/admin/issueChoose | method:POST | ua:Mozilla/5.0 (Windows NT 10.0; Win64; x64) AppleWebKit/537.36 (KHTML, like Gecko) Chrome/102.0.0.0 Safari/537.36
[2022-06-05T08:35:38.190] [INFO] access - path:/admin/getChooseMax | method:GET | ua:Mozilla/5.0 (Windows NT 10.0; Win64; x64) AppleWebKit/537.36 (KHTML, like Gecko) Chrome/102.0.0.0 Safari/537.36
[2022-06-05T08:35:38.343] [INFO] access - path:/admin/getChoose | method:POST | ua:Mozilla/5.0 (Windows NT 10.0; Win64; x64) AppleWebKit/537.36 (KHTML, like Gecko) Chrome/102.0.0.0 Safari/537.36
[2022-06-05T08:35:54.668] [INFO] access - path:/admin/issueChoose | method:POST | ua:Mozilla/5.0 (Windows NT 10.0; Win64; x64) AppleWebKit/537.36 (KHTML, like Gecko) Chrome/102.0.0.0 Safari/537.36
[2022-06-05T08:35:54.691] [INFO] access - path:/admin/getChoose | method:POST | ua:Mozilla/5.0 (Windows NT 10.0; Win64; x64) AppleWebKit/537.36 (KHTML, like Gecko) Chrome/102.0.0.0 Safari/537.36
[2022-06-05T08:36:00.692] [INFO] access - path:/admin/getChoose | method:POST | ua:Mozilla/5.0 (Windows NT 10.0; Win64; x64) AppleWebKit/537.36 (KHTML, like Gecko) Chrome/102.0.0.0 Safari/537.36
[2022-06-05T08:36:31.215] [INFO] access - path:/admin/issueChoose | method:POST | ua:Mozilla/5.0 (Windows NT 10.0; Win64; x64) AppleWebKit/537.36 (KHTML, like Gecko) Chrome/102.0.0.0 Safari/537.36
[2022-06-05T08:36:31.237] [INFO] access - path:/admin/getChoose | method:POST | ua:Mozilla/5.0 (Windows NT 10.0; Win64; x64) AppleWebKit/537.36 (KHTML, like Gecko) Chrome/102.0.0.0 Safari/537.36
[2022-06-05T08:36:38.961] [INFO] access - path:/admin/getClassListByTeacherId | method:POST | ua:Mozilla/5.0 (Windows NT 10.0; Win64; x64) AppleWebKit/537.36 (KHTML, like Gecko) Chrome/102.0.0.0 Safari/537.36
[2022-06-05T08:36:38.974] [INFO] access - path:/admin/getHomeworkByTeacherIdMax | method:POST | ua:Mozilla/5.0 (Windows NT 10.0; Win64; x64) AppleWebKit/537.36 (KHTML, like Gecko) Chrome/102.0.0.0 Safari/537.36
[2022-06-05T08:36:39.166] [INFO] access - path:/admin/getHomeworkByTeacherIdPage | method:POST | ua:Mozilla/5.0 (Windows NT 10.0; Win64; x64) AppleWebKit/537.36 (KHTML, like Gecko) Chrome/102.0.0.0 Safari/537.36
[2022-06-05T08:36:40.309] [INFO] access - path:/admin/getClassListByTeacherId | method:POST | ua:Mozilla/5.0 (Windows NT 10.0; Win64; x64) AppleWebKit/537.36 (KHTML, like Gecko) Chrome/102.0.0.0 Safari/537.36
[2022-06-05T08:36:40.620] [INFO] access - path:/admin/getHomeworkByTeacherId | method:POST | ua:Mozilla/5.0 (Windows NT 10.0; Win64; x64) AppleWebKit/537.36 (KHTML, like Gecko) Chrome/102.0.0.0 Safari/537.36
[2022-06-05T08:36:40.658] [INFO] access - path:/admin/getHomeworkByTeacherId | method:POST | ua:Mozilla/5.0 (Windows NT 10.0; Win64; x64) AppleWebKit/537.36 (KHTML, like Gecko) Chrome/102.0.0.0 Safari/537.36
[2022-06-05T08:36:45.087] [INFO] access - path:/admin/getHomeworkByTeacherId | method:POST | ua:Mozilla/5.0 (Windows NT 10.0; Win64; x64) AppleWebKit/537.36 (KHTML, like Gecko) Chrome/102.0.0.0 Safari/537.36
[2022-06-05T08:36:47.624] [INFO] access - path:/admin/getHomeworkByTeacherId | method:POST | ua:Mozilla/5.0 (Windows NT 10.0; Win64; x64) AppleWebKit/537.36 (KHTML, like Gecko) Chrome/102.0.0.0 Safari/537.36
[2022-06-05T08:36:54.541] [INFO] access - path:/admin/getHomeworkByTeacherId | method:POST | ua:Mozilla/5.0 (Windows NT 10.0; Win64; x64) AppleWebKit/537.36 (KHTML, like Gecko) Chrome/102.0.0.0 Safari/537.36
[2022-06-05T08:36:56.699] [INFO] access - path:/admin/getHomeworkByTeacherId | method:POST | ua:Mozilla/5.0 (Windows NT 10.0; Win64; x64) AppleWebKit/537.36 (KHTML, like Gecko) Chrome/102.0.0.0 Safari/537.36
[2022-06-05T08:37:19.271] [INFO] access - path:/admin/getHomeworkByTeacherId | method:POST | ua:Mozilla/5.0 (Windows NT 10.0; Win64; x64) AppleWebKit/537.36 (KHTML, like Gecko) Chrome/102.0.0.0 Safari/537.36
[2022-06-05T08:37:21.682] [INFO] access - path:/admin/getHomeworkByTeacherId | method:POST | ua:Mozilla/5.0 (Windows NT 10.0; Win64; x64) AppleWebKit/537.36 (KHTML, like Gecko) Chrome/102.0.0.0 Safari/537.36
[2022-06-05T08:37:27.652] [INFO] access - path:/admin/getHomeworkByTeacherId | method:POST | ua:Mozilla/5.0 (Windows NT 10.0; Win64; x64) AppleWebKit/537.36 (KHTML, like Gecko) Chrome/102.0.0.0 Safari/537.36
[2022-06-05T08:37:29.845] [INFO] access - path:/admin/getHomeworkByTeacherId | method:POST | ua:Mozilla/5.0 (Windows NT 10.0; Win64; x64) AppleWebKit/537.36 (KHTML, like Gecko) Chrome/102.0.0.0 Safari/537.36
[2022-06-05T08:37:31.297] [INFO] access - path:/admin/getHomeworkByTeacherId | method:POST | ua:Mozilla/5.0 (Windows NT 10.0; Win64; x64) AppleWebKit/537.36 (KHTML, like Gecko) Chrome/102.0.0.0 Safari/537.36
[2022-06-05T08:37:33.393] [INFO] access - path:/admin/getHomeworkByTeacherId | method:POST | ua:Mozilla/5.0 (Windows NT 10.0; Win64; x64) AppleWebKit/537.36 (KHTML, like Gecko) Chrome/102.0.0.0 Safari/537.36
[2022-06-05T08:37:34.811] [INFO] access - path:/admin/getHomeworkByTeacherId | method:POST | ua:Mozilla/5.0 (Windows NT 10.0; Win64; x64) AppleWebKit/537.36 (KHTML, like Gecko) Chrome/102.0.0.0 Safari/537.36
[2022-06-05T08:37:44.245] [INFO] access - path:/admin/getUserByStudentId | method:POST | ua:Mozilla/5.0 (Windows NT 10.0; Win64; x64) AppleWebKit/537.36 (KHTML, like Gecko) Chrome/102.0.0.0 Safari/537.36
[2022-06-05T08:37:44.995] [INFO] access - path:/admin/getJobListByStudentId | method:POST | ua:Mozilla/5.0 (Windows NT 10.0; Win64; x64) AppleWebKit/537.36 (KHTML, like Gecko) Chrome/102.0.0.0 Safari/537.36
[2022-06-05T08:37:54.595] [INFO] access - path:/admin/getHomeworkByTeacherId | method:POST | ua:Mozilla/5.0 (Windows NT 10.0; Win64; x64) AppleWebKit/537.36 (KHTML, like Gecko) Chrome/102.0.0.0 Safari/537.36
[2022-06-05T08:37:56.176] [INFO] access - path:/admin/getHomeworkByTeacherId | method:POST | ua:Mozilla/5.0 (Windows NT 10.0; Win64; x64) AppleWebKit/537.36 (KHTML, like Gecko) Chrome/102.0.0.0 Safari/537.36
[2022-06-05T08:37:59.898] [INFO] access - path:/admin/getHomeworkByTeacherId | method:POST | ua:Mozilla/5.0 (Windows NT 10.0; Win64; x64) AppleWebKit/537.36 (KHTML, like Gecko) Chrome/102.0.0.0 Safari/537.36
[2022-06-05T08:38:00.788] [INFO] access - path:/admin/getHomeworkByTeacherId | method:POST | ua:Mozilla/5.0 (Windows NT 10.0; Win64; x64) AppleWebKit/537.36 (KHTML, like Gecko) Chrome/102.0.0.0 Safari/537.36
[2022-06-05T08:38:46.037] [INFO] access - path:/admin/getClassListByTeacherId | method:POST | ua:Mozilla/5.0 (Windows NT 10.0; Win64; x64) AppleWebKit/537.36 (KHTML, like Gecko) Chrome/102.0.0.0 Safari/537.36
[2022-06-05T08:38:46.064] [INFO] access - path:/admin/getHomeworkByTeacherId | method:POST | ua:Mozilla/5.0 (Windows NT 10.0; Win64; x64) AppleWebKit/537.36 (KHTML, like Gecko) Chrome/102.0.0.0 Safari/537.36
[2022-06-05T08:38:46.086] [INFO] access - path:/admin/getHomeworkByTeacherId | method:POST | ua:Mozilla/5.0 (Windows NT 10.0; Win64; x64) AppleWebKit/537.36 (KHTML, like Gecko) Chrome/102.0.0.0 Safari/537.36
[2022-06-05T08:40:41.917] [INFO] access - path:/admin/getClassListByTeacherId | method:POST | ua:Mozilla/5.0 (Windows NT 10.0; Win64; x64) AppleWebKit/537.36 (KHTML, like Gecko) Chrome/102.0.0.0 Safari/537.36
[2022-06-05T08:40:42.118] [INFO] access - path:/admin/getHomeworkByTeacherId | method:POST | ua:Mozilla/5.0 (Windows NT 10.0; Win64; x64) AppleWebKit/537.36 (KHTML, like Gecko) Chrome/102.0.0.0 Safari/537.36
[2022-06-05T08:40:42.163] [INFO] access - path:/admin/getHomeworkByTeacherId | method:POST | ua:Mozilla/5.0 (Windows NT 10.0; Win64; x64) AppleWebKit/537.36 (KHTML, like Gecko) Chrome/102.0.0.0 Safari/537.36
[2022-06-05T08:42:01.152] [INFO] access - path:/admin/getChooseMax | method:GET | ua:Mozilla/5.0 (Windows NT 10.0; Win64; x64) AppleWebKit/537.36 (KHTML, like Gecko) Chrome/102.0.0.0 Safari/537.36
[2022-06-05T08:42:01.161] [INFO] access - path:/admin/getChoose | method:POST | ua:Mozilla/5.0 (Windows NT 10.0; Win64; x64) AppleWebKit/537.36 (KHTML, like Gecko) Chrome/102.0.0.0 Safari/537.36
[2022-06-05T08:42:01.231] [INFO] access - path:/admin/getClassListByTeacherId | method:POST | ua:Mozilla/5.0 (Windows NT 10.0; Win64; x64) AppleWebKit/537.36 (KHTML, like Gecko) Chrome/102.0.0.0 Safari/537.36
[2022-06-05T08:42:01.362] [INFO] access - path:/admin/getHomeworkByTeacherIdMax | method:POST | ua:Mozilla/5.0 (Windows NT 10.0; Win64; x64) AppleWebKit/537.36 (KHTML, like Gecko) Chrome/102.0.0.0 Safari/537.36
[2022-06-05T08:42:01.517] [INFO] access - path:/admin/getHomeworkByTeacherIdPage | method:POST | ua:Mozilla/5.0 (Windows NT 10.0; Win64; x64) AppleWebKit/537.36 (KHTML, like Gecko) Chrome/102.0.0.0 Safari/537.36
[2022-06-05T08:42:20.161] [INFO] access - path:/admin/getChooseByGrouping | method:POST | ua:Mozilla/5.0 (Windows NT 10.0; Win64; x64) AppleWebKit/537.36 (KHTML, like Gecko) Chrome/102.0.0.0 Safari/537.36
[2022-06-05T08:44:26.334] [INFO] access - path:/admin/getClassListByTeacherId | method:POST | ua:Mozilla/5.0 (Windows NT 10.0; Win64; x64) AppleWebKit/537.36 (KHTML, like Gecko) Chrome/102.0.0.0 Safari/537.36
[2022-06-05T08:44:26.560] [INFO] access - path:/admin/getHomeworkByTeacherIdMax | method:POST | ua:Mozilla/5.0 (Windows NT 10.0; Win64; x64) AppleWebKit/537.36 (KHTML, like Gecko) Chrome/102.0.0.0 Safari/537.36
[2022-06-05T08:44:26.621] [INFO] access - path:/admin/getHomeworkByTeacherIdPage | method:POST | ua:Mozilla/5.0 (Windows NT 10.0; Win64; x64) AppleWebKit/537.36 (KHTML, like Gecko) Chrome/102.0.0.0 Safari/537.36
[2022-06-05T08:44:54.895] [INFO] access - path:/admin/getChooseByGrouping | method:POST | ua:Mozilla/5.0 (Windows NT 10.0; Win64; x64) AppleWebKit/537.36 (KHTML, like Gecko) Chrome/102.0.0.0 Safari/537.36
[2022-06-05T08:46:36.257] [INFO] access - path:/admin/getClassListByTeacherId | method:POST | ua:Mozilla/5.0 (Windows NT 10.0; Win64; x64) AppleWebKit/537.36 (KHTML, like Gecko) Chrome/102.0.0.0 Safari/537.36
[2022-06-05T08:46:36.482] [INFO] access - path:/admin/getHomeworkByTeacherIdMax | method:POST | ua:Mozilla/5.0 (Windows NT 10.0; Win64; x64) AppleWebKit/537.36 (KHTML, like Gecko) Chrome/102.0.0.0 Safari/537.36
[2022-06-05T08:46:36.541] [INFO] access - path:/admin/getHomeworkByTeacherIdPage | method:POST | ua:Mozilla/5.0 (Windows NT 10.0; Win64; x64) AppleWebKit/537.36 (KHTML, like Gecko) Chrome/102.0.0.0 Safari/537.36
[2022-06-05T08:46:49.400] [INFO] access - path:/admin/getChooseByGrouping | method:POST | ua:Mozilla/5.0 (Windows NT 10.0; Win64; x64) AppleWebKit/537.36 (KHTML, like Gecko) Chrome/102.0.0.0 Safari/537.36
[2022-06-05T08:47:55.389] [INFO] access - path:/admin/getClassListByTeacherId | method:POST | ua:Mozilla/5.0 (Windows NT 10.0; Win64; x64) AppleWebKit/537.36 (KHTML, like Gecko) Chrome/102.0.0.0 Safari/537.36
[2022-06-05T08:47:55.594] [INFO] access - path:/admin/getHomeworkByTeacherIdMax | method:POST | ua:Mozilla/5.0 (Windows NT 10.0; Win64; x64) AppleWebKit/537.36 (KHTML, like Gecko) Chrome/102.0.0.0 Safari/537.36
[2022-06-05T08:47:55.671] [INFO] access - path:/admin/getHomeworkByTeacherIdPage | method:POST | ua:Mozilla/5.0 (Windows NT 10.0; Win64; x64) AppleWebKit/537.36 (KHTML, like Gecko) Chrome/102.0.0.0 Safari/537.36
[2022-06-05T08:48:07.881] [INFO] access - path:/admin/getChooseByGrouping | method:POST | ua:Mozilla/5.0 (Windows NT 10.0; Win64; x64) AppleWebKit/537.36 (KHTML, like Gecko) Chrome/102.0.0.0 Safari/537.36
[2022-06-05T08:48:37.879] [INFO] access - path:/admin/homeworkIssue | method:POST | ua:Mozilla/5.0 (Windows NT 10.0; Win64; x64) AppleWebKit/537.36 (KHTML, like Gecko) Chrome/102.0.0.0 Safari/537.36
[2022-06-05T08:48:38.235] [INFO] access - path:/admin/getHomeworkByTeacherIdPage | method:POST | ua:Mozilla/5.0 (Windows NT 10.0; Win64; x64) AppleWebKit/537.36 (KHTML, like Gecko) Chrome/102.0.0.0 Safari/537.36
[2022-06-05T08:48:40.757] [INFO] access - path:/admin/getHomeworkByTeacherIdPage | method:POST | ua:Mozilla/5.0 (Windows NT 10.0; Win64; x64) AppleWebKit/537.36 (KHTML, like Gecko) Chrome/102.0.0.0 Safari/537.36
[2022-06-05T08:49:32.649] [INFO] access - path:/admin/homeworkIssue | method:POST | ua:Mozilla/5.0 (Windows NT 10.0; Win64; x64) AppleWebKit/537.36 (KHTML, like Gecko) Chrome/102.0.0.0 Safari/537.36
[2022-06-05T08:49:32.915] [INFO] access - path:/admin/getHomeworkByTeacherIdPage | method:POST | ua:Mozilla/5.0 (Windows NT 10.0; Win64; x64) AppleWebKit/537.36 (KHTML, like Gecko) Chrome/102.0.0.0 Safari/537.36
[2022-06-05T08:50:49.058] [INFO] access - path:/admin/getHomeworkByTeacherIdPage | method:POST | ua:Mozilla/5.0 (Windows NT 10.0; Win64; x64) AppleWebKit/537.36 (KHTML, like Gecko) Chrome/102.0.0.0 Safari/537.36
[2022-06-05T08:50:49.785] [INFO] access - path:/admin/getHomeworkByTeacherIdPage | method:POST | ua:Mozilla/5.0 (Windows NT 10.0; Win64; x64) AppleWebKit/537.36 (KHTML, like Gecko) Chrome/102.0.0.0 Safari/537.36
[2022-06-05T08:51:06.019] [INFO] access - path:/admin/getJobListByStudentId | method:POST | ua:Mozilla/5.0 (Windows NT 10.0; Win64; x64) AppleWebKit/537.36 (KHTML, like Gecko) Chrome/102.0.0.0 Safari/537.36
[2022-06-05T08:51:46.302] [INFO] access - path:/admin/getJobListByStudentId | method:POST | ua:Mozilla/5.0 (Windows NT 10.0; Win64; x64) AppleWebKit/537.36 (KHTML, like Gecko) Chrome/102.0.0.0 Safari/537.36
[2022-06-05T08:52:02.283] [INFO] access - path:/admin/getClassListByTeacherId | method:POST | ua:Mozilla/5.0 (Windows NT 10.0; Win64; x64) AppleWebKit/537.36 (KHTML, like Gecko) Chrome/102.0.0.0 Safari/537.36
[2022-06-05T08:52:02.302] [INFO] access - path:/admin/getHomeworkByTeacherId | method:POST | ua:Mozilla/5.0 (Windows NT 10.0; Win64; x64) AppleWebKit/537.36 (KHTML, like Gecko) Chrome/102.0.0.0 Safari/537.36
[2022-06-05T08:52:02.552] [INFO] access - path:/admin/getHomeworkByTeacherId | method:POST | ua:Mozilla/5.0 (Windows NT 10.0; Win64; x64) AppleWebKit/537.36 (KHTML, like Gecko) Chrome/102.0.0.0 Safari/537.36
[2022-06-05T08:53:50.810] [INFO] access - path:/admin/getClassListByTeacherId | method:POST | ua:Mozilla/5.0 (Windows NT 10.0; Win64; x64) AppleWebKit/537.36 (KHTML, like Gecko) Chrome/102.0.0.0 Safari/537.36
[2022-06-05T08:53:51.023] [INFO] access - path:/admin/getHomeworkByTeacherId | method:POST | ua:Mozilla/5.0 (Windows NT 10.0; Win64; x64) AppleWebKit/537.36 (KHTML, like Gecko) Chrome/102.0.0.0 Safari/537.36
[2022-06-05T08:53:51.070] [INFO] access - path:/admin/getHomeworkByTeacherId | method:POST | ua:Mozilla/5.0 (Windows NT 10.0; Win64; x64) AppleWebKit/537.36 (KHTML, like Gecko) Chrome/102.0.0.0 Safari/537.36
[2022-06-05T08:54:51.454] [INFO] access - path:/admin/getClassListByTeacherId | method:POST | ua:Mozilla/5.0 (Windows NT 10.0; Win64; x64) AppleWebKit/537.36 (KHTML, like Gecko) Chrome/102.0.0.0 Safari/537.36
[2022-06-05T08:54:51.479] [INFO] access - path:/admin/getHomeworkByTeacherId | method:POST | ua:Mozilla/5.0 (Windows NT 10.0; Win64; x64) AppleWebKit/537.36 (KHTML, like Gecko) Chrome/102.0.0.0 Safari/537.36
[2022-06-05T08:54:51.501] [INFO] access - path:/admin/getHomeworkByTeacherId | method:POST | ua:Mozilla/5.0 (Windows NT 10.0; Win64; x64) AppleWebKit/537.36 (KHTML, like Gecko) Chrome/102.0.0.0 Safari/537.36
[2022-06-05T10:31:28.237] [INFO] access - path:/admin/getUserByStudentId | method:POST | ua:Mozilla/5.0 (Windows NT 10.0; Win64; x64) AppleWebKit/537.36 (KHTML, like Gecko) Chrome/102.0.0.0 Safari/537.36
[2022-06-05T10:44:24.113] [INFO] access - path:/admin/login | method:POST | ua:Mozilla/5.0 (Windows NT 10.0; Win64; x64) AppleWebKit/537.36 (KHTML, like Gecko) Chrome/102.0.0.0 Safari/537.36
[2022-06-05T10:44:25.881] [INFO] access - path:/admin/login | method:POST | ua:Mozilla/5.0 (Windows NT 10.0; Win64; x64) AppleWebKit/537.36 (KHTML, like Gecko) Chrome/102.0.0.0 Safari/537.36
[2022-06-05T10:44:25.907] [INFO] access - path:/admin/login | method:POST | ua:Mozilla/5.0 (Windows NT 10.0; Win64; x64) AppleWebKit/537.36 (KHTML, like Gecko) Chrome/102.0.0.0 Safari/537.36
[2022-06-05T10:44:26.232] [INFO] access - path:/admin/getClassListByTeacherId | method:POST | ua:Mozilla/5.0 (Windows NT 10.0; Win64; x64) AppleWebKit/537.36 (KHTML, like Gecko) Chrome/102.0.0.0 Safari/537.36
[2022-06-05T10:44:26.266] [INFO] access - path:/admin/getHomeworkByTeacherId | method:POST | ua:Mozilla/5.0 (Windows NT 10.0; Win64; x64) AppleWebKit/537.36 (KHTML, like Gecko) Chrome/102.0.0.0 Safari/537.36
[2022-06-05T10:44:26.312] [INFO] access - path:/admin/getHomeworkByTeacherId | method:POST | ua:Mozilla/5.0 (Windows NT 10.0; Win64; x64) AppleWebKit/537.36 (KHTML, like Gecko) Chrome/102.0.0.0 Safari/537.36
[2022-06-05T10:44:42.754] [INFO] access - path:/admin/getHomeworkByTeacherId | method:POST | ua:Mozilla/5.0 (Windows NT 10.0; Win64; x64) AppleWebKit/537.36 (KHTML, like Gecko) Chrome/102.0.0.0 Safari/537.36
[2022-06-05T10:44:45.108] [INFO] access - path:/admin/getHomeworkByTeacherId | method:POST | ua:Mozilla/5.0 (Windows NT 10.0; Win64; x64) AppleWebKit/537.36 (KHTML, like Gecko) Chrome/102.0.0.0 Safari/537.36
[2022-06-05T10:44:51.189] [INFO] access - path:/admin/getChooseMax | method:GET | ua:Mozilla/5.0 (Windows NT 10.0; Win64; x64) AppleWebKit/537.36 (KHTML, like Gecko) Chrome/102.0.0.0 Safari/537.36
[2022-06-05T10:44:51.425] [INFO] access - path:/admin/getChoose | method:POST | ua:Mozilla/5.0 (Windows NT 10.0; Win64; x64) AppleWebKit/537.36 (KHTML, like Gecko) Chrome/102.0.0.0 Safari/537.36
[2022-06-05T10:46:01.072] [INFO] access - path:/admin/issueChoose | method:POST | ua:Mozilla/5.0 (Windows NT 10.0; Win64; x64) AppleWebKit/537.36 (KHTML, like Gecko) Chrome/102.0.0.0 Safari/537.36
[2022-06-05T10:46:01.339] [INFO] access - path:/admin/getChoose | method:POST | ua:Mozilla/5.0 (Windows NT 10.0; Win64; x64) AppleWebKit/537.36 (KHTML, like Gecko) Chrome/102.0.0.0 Safari/537.36
[2022-06-05T10:46:05.222] [INFO] access - path:/admin/getChoose | method:POST | ua:Mozilla/5.0 (Windows NT 10.0; Win64; x64) AppleWebKit/537.36 (KHTML, like Gecko) Chrome/102.0.0.0 Safari/537.36
[2022-06-05T10:46:10.302] [INFO] access - path:/admin/getClassListByTeacherId | method:POST | ua:Mozilla/5.0 (Windows NT 10.0; Win64; x64) AppleWebKit/537.36 (KHTML, like Gecko) Chrome/102.0.0.0 Safari/537.36
[2022-06-05T10:46:10.313] [INFO] access - path:/admin/getHomeworkByTeacherIdMax | method:POST | ua:Mozilla/5.0 (Windows NT 10.0; Win64; x64) AppleWebKit/537.36 (KHTML, like Gecko) Chrome/102.0.0.0 Safari/537.36
[2022-06-05T10:46:10.481] [INFO] access - path:/admin/getHomeworkByTeacherIdPage | method:POST | ua:Mozilla/5.0 (Windows NT 10.0; Win64; x64) AppleWebKit/537.36 (KHTML, like Gecko) Chrome/102.0.0.0 Safari/537.36
[2022-06-05T10:46:27.484] [INFO] access - path:/admin/getChooseByGrouping | method:POST | ua:Mozilla/5.0 (Windows NT 10.0; Win64; x64) AppleWebKit/537.36 (KHTML, like Gecko) Chrome/102.0.0.0 Safari/537.36
[2022-06-05T10:46:53.541] [INFO] access - path:/admin/homeworkIssue | method:POST | ua:Mozilla/5.0 (Windows NT 10.0; Win64; x64) AppleWebKit/537.36 (KHTML, like Gecko) Chrome/102.0.0.0 Safari/537.36
[2022-06-05T10:46:53.803] [INFO] access - path:/admin/getHomeworkByTeacherIdPage | method:POST | ua:Mozilla/5.0 (Windows NT 10.0; Win64; x64) AppleWebKit/537.36 (KHTML, like Gecko) Chrome/102.0.0.0 Safari/537.36
[2022-06-05T10:46:55.607] [INFO] access - path:/admin/getHomeworkByTeacherIdPage | method:POST | ua:Mozilla/5.0 (Windows NT 10.0; Win64; x64) AppleWebKit/537.36 (KHTML, like Gecko) Chrome/102.0.0.0 Safari/537.36
[2022-06-05T10:47:17.453] [INFO] access - path:/admin/login | method:POST | ua:Mozilla/5.0 (Windows NT 10.0; Win64; x64) AppleWebKit/537.36 (KHTML, like Gecko) Chrome/102.0.0.0 Safari/537.36
[2022-06-05T10:47:18.026] [INFO] access - path:/admin/getJobListByStudentId | method:POST | ua:Mozilla/5.0 (Windows NT 10.0; Win64; x64) AppleWebKit/537.36 (KHTML, like Gecko) Chrome/102.0.0.0 Safari/537.36
[2022-06-05T10:48:52.270] [INFO] access - path:/admin/getHomeworkByJobId | method:POST | ua:Mozilla/5.0 (Windows NT 10.0; Win64; x64) AppleWebKit/537.36 (KHTML, like Gecko) Chrome/102.0.0.0 Safari/537.36
[2022-06-05T10:48:58.414] [INFO] access - path:/admin/writingHomework | method:POST | ua:Mozilla/5.0 (Windows NT 10.0; Win64; x64) AppleWebKit/537.36 (KHTML, like Gecko) Chrome/102.0.0.0 Safari/537.36
[2022-06-05T10:49:21.286] [INFO] access - path:/admin/getClassListByTeacherId | method:POST | ua:Mozilla/5.0 (Windows NT 10.0; Win64; x64) AppleWebKit/537.36 (KHTML, like Gecko) Chrome/102.0.0.0 Safari/537.36
[2022-06-05T10:49:21.332] [INFO] access - path:/admin/getHomeworkByTeacherId | method:POST | ua:Mozilla/5.0 (Windows NT 10.0; Win64; x64) AppleWebKit/537.36 (KHTML, like Gecko) Chrome/102.0.0.0 Safari/537.36
[2022-06-05T10:49:21.539] [INFO] access - path:/admin/getHomeworkByTeacherId | method:POST | ua:Mozilla/5.0 (Windows NT 10.0; Win64; x64) AppleWebKit/537.36 (KHTML, like Gecko) Chrome/102.0.0.0 Safari/537.36
[2022-06-05T10:49:42.230] [INFO] access - path:/admin/getStudentMax | method:POST | ua:Mozilla/5.0 (Windows NT 10.0; Win64; x64) AppleWebKit/537.36 (KHTML, like Gecko) Chrome/102.0.0.0 Safari/537.36
[2022-06-05T10:49:42.243] [INFO] access - path:/admin/getHomeworkByStudentIdPage | method:POST | ua:Mozilla/5.0 (Windows NT 10.0; Win64; x64) AppleWebKit/537.36 (KHTML, like Gecko) Chrome/102.0.0.0 Safari/537.36
[2022-06-05T10:49:54.050] [INFO] access - path:/admin/getUserByStudentId | method:POST | ua:Mozilla/5.0 (Windows NT 10.0; Win64; x64) AppleWebKit/537.36 (KHTML, like Gecko) Chrome/102.0.0.0 Safari/537.36
[2022-06-05T10:49:57.543] [INFO] access - path:/admin/getJobListByStudentId | method:POST | ua:Mozilla/5.0 (Windows NT 10.0; Win64; x64) AppleWebKit/537.36 (KHTML, like Gecko) Chrome/102.0.0.0 Safari/537.36
[2023-02-14T16:32:30.247] [INFO] access - path:/addUser | method:POST | ua:Apifox/1.0.0 (https://www.apifox.cn)
[2023-02-14T16:32:57.834] [INFO] access - path:/addUser | method:POST | ua:Apifox/1.0.0 (https://www.apifox.cn)
[2023-02-14T16:33:25.942] [INFO] access - path:/addUser | method:POST | ua:Apifox/1.0.0 (https://www.apifox.cn)
[2023-02-14T16:33:37.721] [INFO] access - path:/addUser | method:POST | ua:Apifox/1.0.0 (https://www.apifox.cn)
[2023-02-14T16:33:44.185] [INFO] access - path:/addUser | method:POST | ua:Apifox/1.0.0 (https://www.apifox.cn)
[2023-02-14T16:35:59.770] [INFO] access - path:/addUser | method:POST | ua:Apifox/1.0.0 (https://www.apifox.cn)
[2023-02-14T16:39:47.443] [INFO] access - path:/addUser | method:POST | ua:Apifox/1.0.0 (https://www.apifox.cn)
[2023-02-14T16:40:13.189] [INFO] access - path://addUser | method:POST | ua:Apifox/1.0.0 (https://www.apifox.cn)
[2023-02-14T16:40:15.613] [INFO] access - path:/addUser | method:POST | ua:Apifox/1.0.0 (https://www.apifox.cn)
[2023-02-14T16:44:12.062] [INFO] access - path:/addUser | method:POST | ua:Apifox/1.0.0 (https://www.apifox.cn)
[2023-02-14T16:44:16.589] [INFO] access - path:/addUser | method:POST | ua:Apifox/1.0.0 (https://www.apifox.cn)
[2023-02-14T16:44:41.740] [INFO] access - path:/addUser | method:POST | ua:Apifox/1.0.0 (https://www.apifox.cn)
[2023-02-14T16:46:48.898] [INFO] access - path:/addUser | method:POST | ua:Apifox/1.0.0 (https://www.apifox.cn)
[2023-02-14T16:53:47.291] [INFO] access - path:/addUser | method:POST | ua:Apifox/1.0.0 (https://www.apifox.cn)
[2023-02-14T16:54:30.934] [INFO] access - path:/addUser | method:POST | ua:Apifox/1.0.0 (https://www.apifox.cn)
[2023-02-14T16:54:55.558] [INFO] access - path:/addUser | method:POST | ua:Apifox/1.0.0 (https://www.apifox.cn)
[2023-02-14T16:55:44.915] [INFO] access - path:/addUser | method:POST | ua:Apifox/1.0.0 (https://www.apifox.cn)
[2023-02-14T16:56:25.705] [INFO] access - path:/addUser | method:POST | ua:Apifox/1.0.0 (https://www.apifox.cn)
[2023-02-14T16:56:45.812] [INFO] access - path:/addUser | method:POST | ua:Apifox/1.0.0 (https://www.apifox.cn)
[2023-02-14T17:00:28.974] [INFO] access - path:/addUser | method:POST | ua:Apifox/1.0.0 (https://www.apifox.cn)
[2023-02-14T17:11:57.655] [INFO] access - path:/addUser | method:POST | ua:Apifox/1.0.0 (https://www.apifox.cn)
[2023-02-14T17:16:30.044] [INFO] access - path:/addUser | method:POST | ua:Apifox/1.0.0 (https://www.apifox.cn)
[2023-02-14T17:17:12.439] [INFO] access - path:/addUser | method:POST | ua:Apifox/1.0.0 (https://www.apifox.cn)
[2023-02-14T17:17:58.717] [INFO] access - path:/addUser | method:POST | ua:Apifox/1.0.0 (https://www.apifox.cn)
[2023-02-14T17:19:55.699] [INFO] access - path:/addUser | method:POST | ua:Apifox/1.0.0 (https://www.apifox.cn)
[2023-02-14T17:20:57.147] [INFO] access - path:/addUser | method:POST | ua:Apifox/1.0.0 (https://www.apifox.cn)
[2023-02-14T17:21:45.997] [INFO] access - path:/addUser | method:POST | ua:Apifox/1.0.0 (https://www.apifox.cn)
[2023-02-14T17:22:46.639] [INFO] access - path:/addUser | method:POST | ua:Apifox/1.0.0 (https://www.apifox.cn)
[2023-02-14T17:23:50.184] [INFO] access - path:/addUser | method:POST | ua:Apifox/1.0.0 (https://www.apifox.cn)
[2023-02-14T17:28:29.705] [INFO] access - path:/addUser | method:POST | ua:Apifox/1.0.0 (https://www.apifox.cn)
[2023-02-14T17:31:13.517] [INFO] access - path:/addUser | method:POST | ua:Apifox/1.0.0 (https://www.apifox.cn)
[2023-02-14T17:31:18.977] [INFO] access - path:/addUser | method:POST | ua:Apifox/1.0.0 (https://www.apifox.cn)
[2023-02-14T17:31:39.164] [INFO] access - path:/addUser | method:POST | ua:Apifox/1.0.0 (https://www.apifox.cn)
[2023-02-14T17:32:03.489] [INFO] access - path:/addUser | method:POST | ua:Apifox/1.0.0 (https://www.apifox.cn)
[2023-02-14T17:32:47.842] [INFO] access - path:/addUser | method:POST | ua:Apifox/1.0.0 (https://www.apifox.cn)
[2023-02-14T17:33:45.013] [INFO] access - path:/addUser | method:POST | ua:Apifox/1.0.0 (https://www.apifox.cn)
[2023-02-14T17:34:20.395] [INFO] access - path:/addUser | method:POST | ua:Apifox/1.0.0 (https://www.apifox.cn)
[2023-02-14T17:35:46.201] [INFO] access - path:/addUser | method:POST | ua:Apifox/1.0.0 (https://www.apifox.cn)
[2023-02-14T17:38:55.679] [INFO] access - path:/addUser | method:POST | ua:Apifox/1.0.0 (https://www.apifox.cn)
[2023-02-14T17:45:39.858] [INFO] access - path:/addUser | method:POST | ua:Apifox/1.0.0 (https://www.apifox.cn)
[2023-02-14T17:46:28.112] [INFO] access - path:/addUser | method:POST | ua:Apifox/1.0.0 (https://www.apifox.cn)
[2023-02-14T17:47:34.604] [INFO] access - path:/updateAdmin | method:POST | ua:Apifox/1.0.0 (https://www.apifox.cn)
[2023-02-14T17:48:11.109] [INFO] access - path:/updateAdmin | method:POST | ua:Apifox/1.0.0 (https://www.apifox.cn)
[2023-02-14T17:48:16.028] [INFO] access - path:/updateAdmin | method:POST | ua:Apifox/1.0.0 (https://www.apifox.cn)
[2023-02-14T17:48:33.781] [INFO] access - path:/updateUser | method:POST | ua:Apifox/1.0.0 (https://www.apifox.cn)
[2023-02-14T17:49:19.971] [INFO] access - path:/updateUser/wzc | method:POST | ua:Apifox/1.0.0 (https://www.apifox.cn)
[2023-02-14T17:49:23.140] [INFO] access - path:/updateUser/wzc | method:POST | ua:Apifox/1.0.0 (https://www.apifox.cn)
[2023-02-14T17:49:38.037] [INFO] access - path:/updateUser/wzc | method:POST | ua:Apifox/1.0.0 (https://www.apifox.cn)
[2023-02-14T17:49:48.587] [INFO] access - path:/updateUser/wzc | method:POST | ua:Apifox/1.0.0 (https://www.apifox.cn)
[2023-02-14T17:50:03.017] [INFO] access - path:/updateUser/wzc | method:POST | ua:Apifox/1.0.0 (https://www.apifox.cn)
[2023-02-15T15:54:56.661] [INFO] access - path:/updateUser/wzc | method:POST | ua:Apifox/1.0.0 (https://www.apifox.cn)
[2023-02-15T15:56:11.722] [INFO] access - path:/updateUser/wzc | method:POST | ua:Apifox/1.0.0 (https://www.apifox.cn)
[2023-02-15T15:59:41.923] [INFO] access - path:/updateUser/wzc | method:POST | ua:Apifox/1.0.0 (https://www.apifox.cn)
[2023-03-02T16:06:13.835] [INFO] access - path:/api | method:POST | ua:Apifox/1.0.0 (https://www.apifox.cn)
[2023-03-02T16:06:17.404] [INFO] access - path:/api | method:POST | ua:Apifox/1.0.0 (https://www.apifox.cn)
[2023-03-02T16:06:39.411] [INFO] access - path:/api | method:POST | ua:Apifox/1.0.0 (https://www.apifox.cn)
[2023-03-02T16:06:54.348] [INFO] access - path:/api | method:POST | ua:Apifox/1.0.0 (https://www.apifox.cn)
[2023-03-02T16:07:25.717] [INFO] access - path:/api | method:POST | ua:Apifox/1.0.0 (https://www.apifox.cn)
[2023-03-02T16:08:14.944] [INFO] access - path:/api | method:POST | ua:Apifox/1.0.0 (https://www.apifox.cn)
[2023-03-02T16:08:39.263] [INFO] access - path:/api | method:POST | ua:Apifox/1.0.0 (https://www.apifox.cn)
[2023-03-02T16:09:24.623] [INFO] access - path:/api | method:POST | ua:Apifox/1.0.0 (https://www.apifox.cn)
[2023-03-02T16:10:33.297] [INFO] access - path:/api | method:POST | ua:Apifox/1.0.0 (https://www.apifox.cn)
[2023-03-02T16:11:01.493] [INFO] access - path:/api | method:POST | ua:Apifox/1.0.0 (https://www.apifox.cn)
[2023-03-02T16:14:21.564] [INFO] access - path:/api | method:POST | ua:Apifox/1.0.0 (https://www.apifox.cn)
[2023-03-02T16:14:41.337] [INFO] access - path:/api | method:POST | ua:Apifox/1.0.0 (https://www.apifox.cn)
[2023-03-02T16:14:58.842] [INFO] access - path:/api | method:POST | ua:Apifox/1.0.0 (https://www.apifox.cn)
[2023-03-02T16:15:17.295] [INFO] access - path:/api | method:POST | ua:Apifox/1.0.0 (https://www.apifox.cn)
[2023-03-02T16:15:59.188] [INFO] access - path:/api | method:POST | ua:Apifox/1.0.0 (https://www.apifox.cn)
[2023-03-02T16:20:05.680] [INFO] access - path:/api | method:POST | ua:Apifox/1.0.0 (https://www.apifox.cn)
[2023-03-02T16:20:41.504] [INFO] access - path:/api | method:POST | ua:Apifox/1.0.0 (https://www.apifox.cn)
[2023-03-02T16:21:22.604] [INFO] access - path:/api | method:POST | ua:Apifox/1.0.0 (https://www.apifox.cn)
[2023-03-02T16:22:09.440] [INFO] access - path:/api | method:POST | ua:Apifox/1.0.0 (https://www.apifox.cn)
[2023-03-02T16:22:33.712] [INFO] access - path:/api | method:POST | ua:Apifox/1.0.0 (https://www.apifox.cn)
[2023-03-02T16:23:09.537] [INFO] access - path:/api | method:POST | ua:Apifox/1.0.0 (https://www.apifox.cn)
[2023-03-02T16:23:21.600] [INFO] access - path:/api | method:POST | ua:Apifox/1.0.0 (https://www.apifox.cn)
[2023-03-02T16:23:26.193] [INFO] access - path:/api | method:POST | ua:Apifox/1.0.0 (https://www.apifox.cn)
[2023-03-02T16:24:13.189] [INFO] access - path:/api | method:POST | ua:Apifox/1.0.0 (https://www.apifox.cn)
[2023-03-02T16:24:39.460] [INFO] access - path:/api | method:POST | ua:Apifox/1.0.0 (https://www.apifox.cn)
[2023-03-02T16:26:00.144] [INFO] access - path:/api | method:POST | ua:Apifox/1.0.0 (https://www.apifox.cn)
[2023-03-02T16:26:13.615] [INFO] access - path:/api | method:POST | ua:Apifox/1.0.0 (https://www.apifox.cn)
[2023-03-02T16:43:53.603] [INFO] access - path:/ | method:POST | ua:Mozilla/5.0 (Macintosh; Intel Mac OS X 10_15_7) AppleWebKit/537.36 (KHTML, like Gecko) Chrome/110.0.0.0 Safari/537.36
[2023-03-02T16:44:08.764] [INFO] access - path:/ | method:POST | ua:Mozilla/5.0 (Macintosh; Intel Mac OS X 10_15_7) AppleWebKit/537.36 (KHTML, like Gecko) Chrome/110.0.0.0 Safari/537.36
[2023-03-02T16:44:46.385] [INFO] access - path:/api | method:POST | ua:Mozilla/5.0 (Macintosh; Intel Mac OS X 10_15_7) AppleWebKit/537.36 (KHTML, like Gecko) Chrome/110.0.0.0 Safari/537.36
[2023-03-02T16:44:58.665] [INFO] access - path:/api | method:POST | ua:Mozilla/5.0 (Macintosh; Intel Mac OS X 10_15_7) AppleWebKit/537.36 (KHTML, like Gecko) Chrome/110.0.0.0 Safari/537.36
[2023-03-02T16:46:38.217] [INFO] access - path:/api | method:POST | ua:Mozilla/5.0 (Macintosh; Intel Mac OS X 10_15_7) AppleWebKit/537.36 (KHTML, like Gecko) Chrome/110.0.0.0 Safari/537.36
[2023-03-02T16:47:00.643] [INFO] access - path:/api | method:POST | ua:Mozilla/5.0 (Macintosh; Intel Mac OS X 10_15_7) AppleWebKit/537.36 (KHTML, like Gecko) Chrome/110.0.0.0 Safari/537.36
[2023-03-02T16:48:20.872] [INFO] access - path:/api | method:POST | ua:Mozilla/5.0 (Macintosh; Intel Mac OS X 10_15_7) AppleWebKit/537.36 (KHTML, like Gecko) Chrome/110.0.0.0 Safari/537.36
[2023-03-02T16:48:56.041] [INFO] access - path:/api | method:POST | ua:Mozilla/5.0 (Macintosh; Intel Mac OS X 10_15_7) AppleWebKit/537.36 (KHTML, like Gecko) Chrome/110.0.0.0 Safari/537.36
[2023-03-02T16:49:58.524] [INFO] access - path:/api | method:POST | ua:Mozilla/5.0 (Macintosh; Intel Mac OS X 10_15_7) AppleWebKit/537.36 (KHTML, like Gecko) Chrome/110.0.0.0 Safari/537.36
[2023-03-02T16:50:05.877] [INFO] access - path:/api | method:POST | ua:Mozilla/5.0 (Macintosh; Intel Mac OS X 10_15_7) AppleWebKit/537.36 (KHTML, like Gecko) Chrome/110.0.0.0 Safari/537.36
[2023-03-02T16:50:20.326] [INFO] access - path:/api | method:POST | ua:Mozilla/5.0 (Macintosh; Intel Mac OS X 10_15_7) AppleWebKit/537.36 (KHTML, like Gecko) Chrome/110.0.0.0 Safari/537.36
[2023-03-02T17:00:15.198] [INFO] access - path:/api | method:POST | ua:Mozilla/5.0 (Macintosh; Intel Mac OS X 10_15_7) AppleWebKit/537.36 (KHTML, like Gecko) Chrome/110.0.0.0 Safari/537.36
[2023-03-02T17:05:38.429] [INFO] access - path:/api | method:POST | ua:Mozilla/5.0 (Macintosh; Intel Mac OS X 10_15_7) AppleWebKit/537.36 (KHTML, like Gecko) Chrome/110.0.0.0 Safari/537.36
[2023-03-02T17:05:46.581] [INFO] access - path:/api | method:POST | ua:Mozilla/5.0 (Macintosh; Intel Mac OS X 10_15_7) AppleWebKit/537.36 (KHTML, like Gecko) Chrome/110.0.0.0 Safari/537.36
[2023-03-02T17:05:52.107] [INFO] access - path:/api | method:POST | ua:Mozilla/5.0 (Macintosh; Intel Mac OS X 10_15_7) AppleWebKit/537.36 (KHTML, like Gecko) Chrome/110.0.0.0 Safari/537.36
[2023-03-02T17:06:20.559] [INFO] access - path:/api | method:POST | ua:Mozilla/5.0 (Macintosh; Intel Mac OS X 10_15_7) AppleWebKit/537.36 (KHTML, like Gecko) Chrome/110.0.0.0 Safari/537.36
[2023-03-02T17:08:16.576] [INFO] access - path:/api | method:POST | ua:Mozilla/5.0 (Macintosh; Intel Mac OS X 10_15_7) AppleWebKit/537.36 (KHTML, like Gecko) Chrome/110.0.0.0 Safari/537.36
[2023-03-02T17:08:51.094] [INFO] access - path:/api | method:POST | ua:Mozilla/5.0 (Macintosh; Intel Mac OS X 10_15_7) AppleWebKit/537.36 (KHTML, like Gecko) Chrome/110.0.0.0 Safari/537.36
[2023-03-02T17:09:35.154] [INFO] access - path:/api | method:POST | ua:Mozilla/5.0 (Macintosh; Intel Mac OS X 10_15_7) AppleWebKit/537.36 (KHTML, like Gecko) Chrome/110.0.0.0 Safari/537.36
[2023-03-02T17:09:56.838] [INFO] access - path:/api | method:POST | ua:Apifox/1.0.0 (https://www.apifox.cn)
[2023-03-02T17:28:24.936] [INFO] access - path:/api | method:POST | ua:Mozilla/5.0 (Macintosh; Intel Mac OS X 10_15_7) AppleWebKit/537.36 (KHTML, like Gecko) Chrome/110.0.0.0 Safari/537.36
[2023-03-02T17:28:39.832] [INFO] access - path:/api | method:POST | ua:Mozilla/5.0 (Macintosh; Intel Mac OS X 10_15_7) AppleWebKit/537.36 (KHTML, like Gecko) Chrome/110.0.0.0 Safari/537.36
[2023-03-02T17:29:25.400] [INFO] access - path:/api | method:POST | ua:Apifox/1.0.0 (https://www.apifox.cn)
[2023-03-02T17:29:49.225] [INFO] access - path:/api | method:POST | ua:Apifox/1.0.0 (https://www.apifox.cn)
[2023-03-02T17:30:06.063] [INFO] access - path:/ | method:POST | ua:Apifox/1.0.0 (https://www.apifox.cn)
[2023-03-02T17:30:10.478] [INFO] access - path:/api | method:POST | ua:Apifox/1.0.0 (https://www.apifox.cn)
[2023-03-02T17:30:18.440] [INFO] access - path:/api | method:POST | ua:Mozilla/5.0 (Macintosh; Intel Mac OS X 10_15_7) AppleWebKit/537.36 (KHTML, like Gecko) Chrome/110.0.0.0 Safari/537.36
[2023-03-02T17:30:42.816] [INFO] access - path:/api | method:POST | ua:Apifox/1.0.0 (https://www.apifox.cn)
[2023-03-02T17:31:08.394] [INFO] access - path:/api | method:POST | ua:Apifox/1.0.0 (https://www.apifox.cn)
[2023-03-02T17:31:13.186] [INFO] access - path:/api | method:POST | ua:Apifox/1.0.0 (https://www.apifox.cn)
[2023-03-02T17:31:58.202] [INFO] access - path:/api | method:POST | ua:Apifox/1.0.0 (https://www.apifox.cn)
[2023-03-02T17:32:03.221] [INFO] access - path:/api | method:POST | ua:Apifox/1.0.0 (https://www.apifox.cn)
[2023-03-02T17:32:40.285] [INFO] access - path:/api | method:POST | ua:Apifox/1.0.0 (https://www.apifox.cn)
[2023-03-02T17:33:01.278] [INFO] access - path:/api | method:POST | ua:Apifox/1.0.0 (https://www.apifox.cn)
[2023-03-02T17:48:49.277] [INFO] access - path:/api | method:POST | ua:Apifox/1.0.0 (https://www.apifox.cn)
[2023-03-02T17:52:10.724] [INFO] access - path:/api | method:POST | ua:Apifox/1.0.0 (https://www.apifox.cn)
[2023-03-02T17:52:55.987] [INFO] access - path:/api | method:POST | ua:Apifox/1.0.0 (https://www.apifox.cn)
[2023-03-02T18:00:43.521] [INFO] access - path:/api | method:POST | ua:Apifox/1.0.0 (https://www.apifox.cn)
[2023-03-02T18:01:15.415] [INFO] access - path:/api | method:OPTIONS | ua:Mozilla/5.0 (Macintosh; Intel Mac OS X 10_15_7) AppleWebKit/537.36 (KHTML, like Gecko) Chrome/110.0.0.0 Safari/537.36
[2023-03-02T18:01:50.209] [INFO] access - path:/api | method:OPTIONS | ua:Mozilla/5.0 (Macintosh; Intel Mac OS X 10_15_7) AppleWebKit/537.36 (KHTML, like Gecko) Chrome/110.0.0.0 Safari/537.36
[2023-03-02T18:08:10.074] [INFO] access - path:/api | method:POST | ua:Apifox/1.0.0 (https://www.apifox.cn)
[2023-03-02T18:10:21.288] [INFO] access - path:/api | method:POST | ua:Mozilla/5.0 (Macintosh; Intel Mac OS X 10_15_7) AppleWebKit/537.36 (KHTML, like Gecko) Chrome/110.0.0.0 Safari/537.36
[2023-03-02T18:10:29.266] [INFO] access - path:/api | method:POST | ua:Mozilla/5.0 (Macintosh; Intel Mac OS X 10_15_7) AppleWebKit/537.36 (KHTML, like Gecko) Chrome/110.0.0.0 Safari/537.36
[2023-03-02T18:11:08.194] [INFO] access - path:/api | method:POST | ua:Mozilla/5.0 (Macintosh; Intel Mac OS X 10_15_7) AppleWebKit/537.36 (KHTML, like Gecko) Chrome/110.0.0.0 Safari/537.36
[2023-03-02T18:12:51.811] [INFO] access - path:/api | method:POST | ua:Mozilla/5.0 (Macintosh; Intel Mac OS X 10_15_7) AppleWebKit/537.36 (KHTML, like Gecko) Chrome/110.0.0.0 Safari/537.36
[2023-03-02T18:49:41.565] [INFO] access - path:/api | method:POST | ua:Mozilla/5.0 (Macintosh; Intel Mac OS X 10_15_7) AppleWebKit/537.36 (KHTML, like Gecko) Chrome/110.0.0.0 Safari/537.36
[2023-03-02T18:49:48.695] [INFO] access - path:/api | method:POST | ua:Mozilla/5.0 (Macintosh; Intel Mac OS X 10_15_7) AppleWebKit/537.36 (KHTML, like Gecko) Chrome/110.0.0.0 Safari/537.36
[2023-03-02T18:50:02.868] [INFO] access - path:/api | method:POST | ua:Mozilla/5.0 (Macintosh; Intel Mac OS X 10_15_7) AppleWebKit/537.36 (KHTML, like Gecko) Chrome/110.0.0.0 Safari/537.36
[2023-03-02T18:52:59.854] [INFO] access - path:/api | method:POST | ua:Mozilla/5.0 (Macintosh; Intel Mac OS X 10_15_7) AppleWebKit/537.36 (KHTML, like Gecko) Chrome/110.0.0.0 Safari/537.36
[2023-03-06T13:54:51.529] [INFO] access - path:/api | method:POST | ua:Mozilla/5.0 (Macintosh; Intel Mac OS X 10_15_7) AppleWebKit/537.36 (KHTML, like Gecko) Chrome/110.0.0.0 Safari/537.36
[2023-03-06T13:55:11.608] [INFO] access - path:/api | method:POST | ua:Mozilla/5.0 (Macintosh; Intel Mac OS X 10_15_7) AppleWebKit/537.36 (KHTML, like Gecko) Chrome/110.0.0.0 Safari/537.36
[2023-03-06T13:55:29.623] [INFO] access - path:/api | method:POST | ua:Mozilla/5.0 (Macintosh; Intel Mac OS X 10_15_7) AppleWebKit/537.36 (KHTML, like Gecko) Chrome/110.0.0.0 Safari/537.36
[2023-03-06T14:05:29.225] [INFO] access - path:/api | method:POST | ua:Mozilla/5.0 (Macintosh; Intel Mac OS X 10_15_7) AppleWebKit/537.36 (KHTML, like Gecko) Chrome/110.0.0.0 Safari/537.36
[2023-03-06T14:06:50.087] [INFO] access - path:/api | method:POST | ua:Mozilla/5.0 (Macintosh; Intel Mac OS X 10_15_7) AppleWebKit/537.36 (KHTML, like Gecko) Chrome/110.0.0.0 Safari/537.36
[2023-03-06T14:07:11.402] [INFO] access - path:/api | method:POST | ua:Mozilla/5.0 (Macintosh; Intel Mac OS X 10_15_7) AppleWebKit/537.36 (KHTML, like Gecko) Chrome/110.0.0.0 Safari/537.36
[2023-03-06T14:07:34.022] [INFO] access - path:/api | method:POST | ua:Mozilla/5.0 (Macintosh; Intel Mac OS X 10_15_7) AppleWebKit/537.36 (KHTML, like Gecko) Chrome/110.0.0.0 Safari/537.36
[2023-03-06T14:08:13.792] [INFO] access - path:/api | method:POST | ua:Mozilla/5.0 (Macintosh; Intel Mac OS X 10_15_7) AppleWebKit/537.36 (KHTML, like Gecko) Chrome/110.0.0.0 Safari/537.36
[2023-03-06T14:08:46.043] [INFO] access - path:/api | method:POST | ua:Mozilla/5.0 (Macintosh; Intel Mac OS X 10_15_7) AppleWebKit/537.36 (KHTML, like Gecko) Chrome/110.0.0.0 Safari/537.36
[2023-03-06T14:09:33.009] [INFO] access - path:/api | method:POST | ua:Mozilla/5.0 (Macintosh; Intel Mac OS X 10_15_7) AppleWebKit/537.36 (KHTML, like Gecko) Chrome/110.0.0.0 Safari/537.36
[2023-03-06T15:03:11.169] [INFO] access - path:/api | method:POST | ua:Mozilla/5.0 (Macintosh; Intel Mac OS X 10_15_7) AppleWebKit/537.36 (KHTML, like Gecko) Chrome/110.0.0.0 Safari/537.36
[2023-03-06T15:03:50.335] [INFO] access - path:/api | method:POST | ua:Mozilla/5.0 (Macintosh; Intel Mac OS X 10_15_7) AppleWebKit/537.36 (KHTML, like Gecko) Chrome/110.0.0.0 Safari/537.36
[2023-03-06T15:05:13.720] [INFO] access - path:/api | method:GET | ua:Apifox/1.0.0 (https://www.apifox.cn)
[2023-03-06T15:05:18.937] [INFO] access - path:/api | method:POST | ua:Apifox/1.0.0 (https://www.apifox.cn)
[2023-03-06T15:16:59.816] [INFO] access - path:/api | method:POST | ua:Apifox/1.0.0 (https://www.apifox.cn)
[2023-03-06T15:17:12.686] [INFO] access - path:/api | method:POST | ua:Apifox/1.0.0 (https://www.apifox.cn)
[2023-03-16T17:59:28.255] [INFO] access - path:/api | method:POST | ua:Mozilla/5.0 (Macintosh; Intel Mac OS X 10_15_7) AppleWebKit/537.36 (KHTML, like Gecko) Chrome/111.0.0.0 Safari/537.36
[2023-03-16T17:59:56.778] [INFO] access - path:/api | method:POST | ua:Mozilla/5.0 (Macintosh; Intel Mac OS X 10_15_7) AppleWebKit/537.36 (KHTML, like Gecko) Chrome/111.0.0.0 Safari/537.36
[2023-03-16T18:01:05.311] [INFO] access - path:/api | method:POST | ua:Mozilla/5.0 (Macintosh; Intel Mac OS X 10_15_7) AppleWebKit/537.36 (KHTML, like Gecko) Chrome/111.0.0.0 Safari/537.36
[2023-03-16T18:03:34.474] [INFO] access - path:/api | method:POST | ua:Mozilla/5.0 (Macintosh; Intel Mac OS X 10_15_7) AppleWebKit/537.36 (KHTML, like Gecko) Chrome/111.0.0.0 Safari/537.36
[2023-03-16T18:04:01.728] [INFO] access - path:/api | method:POST | ua:Mozilla/5.0 (Macintosh; Intel Mac OS X 10_15_7) AppleWebKit/537.36 (KHTML, like Gecko) Chrome/111.0.0.0 Safari/537.36
[2023-03-16T18:04:26.813] [INFO] access - path:/api | method:POST | ua:Mozilla/5.0 (Macintosh; Intel Mac OS X 10_15_7) AppleWebKit/537.36 (KHTML, like Gecko) Chrome/111.0.0.0 Safari/537.36
[2023-03-16T18:05:39.841] [INFO] access - path:/api | method:POST | ua:Mozilla/5.0 (Macintosh; Intel Mac OS X 10_15_7) AppleWebKit/537.36 (KHTML, like Gecko) Chrome/111.0.0.0 Safari/537.36
[2023-03-16T18:15:45.077] [INFO] access - path:/api | method:POST | ua:Mozilla/5.0 (Macintosh; Intel Mac OS X 10_15_7) AppleWebKit/537.36 (KHTML, like Gecko) Chrome/111.0.0.0 Safari/537.36
