
[2023-02-14T17:32:01.192] [INFO] db - Executing (default): SELECT 1+1 AS result
[2023-02-14T17:32:03.499] [INFO] db - Executing (default): SELECT `id`, `name`, `usernamestring`, `password`, `created_at`, `updated_at` FROM `user` AS `User` WHERE `User`.`usernamestring` = 'wzc' LIMIT 1;
[2023-02-14T17:32:03.505] [INFO] db - Executing (default): INSERT INTO `user` (`id`,`usernamestring`,`password`,`created_at`,`updated_at`) VALUES (DEFAULT,?,?,?,?);
[2023-02-14T17:32:25.535] [INFO] db - Executing (default): SELECT 1+1 AS result
[2023-02-14T17:32:42.500] [INFO] db - Executing (default): SELECT 1+1 AS result
[2023-02-14T17:32:47.846] [INFO] db - Executing (default): SELECT `id`, `username`, `password`, `created_at`, `updated_at` FROM `user` AS `User` WHERE `User`.`usernamestring` = 'wzc' LIMIT 1;
[2023-02-14T17:33:09.138] [INFO] db - Executing (default): SELECT 1+1 AS result
[2023-02-14T17:33:37.804] [INFO] db - Executing (default): SELECT 1+1 AS result
[2023-02-14T17:33:43.453] [INFO] db - Executing (default): SELECT 1+1 AS result
[2023-02-14T17:33:45.018] [INFO] db - Executing (default): SELECT `id`, `username`, `password`, `created_at`, `updated_at` FROM `user` AS `User` WHERE `User`.`username` = 'wzc' LIMIT 1;
[2023-02-14T17:34:20.414] [INFO] db - Executing (default): SELECT `id`, `username`, `password`, `created_at`, `updated_at` FROM `user` AS `User` WHERE `User`.`username` = 'wzc' LIMIT 1;
[2023-02-14T17:34:20.421] [INFO] db - Executing (default): INSERT INTO `user` (`id`,`username`,`password`,`created_at`,`updated_at`) VALUES (DEFAULT,?,?,?,?);
[2023-02-14T17:34:40.662] [INFO] db - Executing (default): SELECT 1+1 AS result
[2023-02-14T17:35:42.860] [INFO] db - Executing (default): SELECT 1+1 AS result
[2023-02-14T17:35:46.206] [INFO] db - Executing (default): SELECT `id`, `username`, `password`, `created_at`, `updated_at` FROM `user` AS `User` WHERE `User`.`username` = 'wzc' LIMIT 1;
[2023-02-14T17:35:46.212] [INFO] db - Executing (default): INSERT INTO `user` (`id`,`username`,`password`,`created_at`,`updated_at`) VALUES (DEFAULT,?,?,?,?);
[2023-02-14T17:36:13.166] [INFO] db - Executing (default): SELECT 1+1 AS result
[2023-02-14T17:38:36.960] [INFO] db - Executing (default): SELECT 1+1 AS result
[2023-02-14T17:38:52.566] [INFO] db - Executing (default): SELECT 1+1 AS result
[2023-02-14T17:38:55.683] [INFO] db - Executing (default): SELECT `id`, `username`, `password`, `created_at`, `updated_at` FROM `user` AS `User` WHERE `User`.`username` = 'wzc' LIMIT 1;
[2023-02-14T17:38:55.689] [INFO] db - Executing (default): INSERT INTO `user` (`id`,`username`,`password`,`created_at`,`updated_at`) VALUES (DEFAULT,?,?,?,?);
[2023-02-14T17:45:39.880] [INFO] db - Executing (default): SELECT `id`, `username`, `password`, `created_at`, `updated_at` FROM `user` AS `User` WHERE `User`.`username` = 'wzc' LIMIT 1;
[2023-02-14T17:45:39.889] [INFO] db - Executing (default): INSERT INTO `user` (`id`,`username`,`password`,`created_at`,`updated_at`) VALUES (DEFAULT,?,?,?,?);
[2023-02-14T17:46:28.120] [INFO] db - Executing (default): SELECT `id`, `username`, `password`, `created_at`, `updated_at` FROM `user` AS `User` WHERE `User`.`username` = 'wzc' LIMIT 1;
[2023-02-14T17:47:49.824] [INFO] db - Executing (default): SELECT 1+1 AS result
[2023-02-14T17:48:07.280] [INFO] db - Executing (default): SELECT 1+1 AS result
[2023-02-14T17:49:36.443] [INFO] db - Executing (default): SELECT 1+1 AS result
[2023-02-14T17:49:47.945] [INFO] db - Executing (default): SELECT 1+1 AS result
[2023-02-14T17:49:48.590] [INFO] db - Executing (default): SELECT `id`, `username`, `password`, `created_at`, `updated_at` FROM `user` AS `User` WHERE `User`.`username` = 'wzc' LIMIT 1;
[2023-02-14T17:49:48.595] [INFO] db - Executing (default): UPDATE `user` SET `username`=?,`password`=?,`updated_at`=? WHERE `id` = ?
[2023-02-14T17:50:01.885] [INFO] db - Executing (default): SELECT 1+1 AS result
[2023-02-14T17:50:03.020] [INFO] db - Executing (default): SELECT `id`, `username`, `password`, `created_at`, `updated_at` FROM `user` AS `User` WHERE `User`.`username` = 'wzc' LIMIT 1;
[2023-02-14T17:50:03.026] [INFO] db - Executing (default): UPDATE `user` SET `username`=?,`password`=?,`updated_at`=? WHERE `id` = ?
[2023-02-14T17:50:25.870] [INFO] db - Executing (default): SELECT 1+1 AS result
[2023-02-15T15:54:54.559] [INFO] db - Executing (default): SELECT 1+1 AS result
[2023-02-15T15:54:56.664] [INFO] db - Executing (default): SELECT `id`, `username`, `password`, `created_at`, `updated_at` FROM `user` AS `User` WHERE `User`.`username` = 'wzc' LIMIT 1;
[2023-02-15T15:54:56.698] [INFO] db - Executing (default): UPDATE `user` SET `username`=?,`password`=?,`updated_at`=? WHERE `id` = ?
[2023-02-15T15:56:11.738] [INFO] db - Executing (default): SELECT `id`, `username`, `password`, `created_at`, `updated_at` FROM `user` AS `User` WHERE `User`.`username` = 'wzc' LIMIT 1;
[2023-02-15T15:56:11.741] [INFO] db - Executing (default): UPDATE `user` SET `username`=?,`password`=?,`updated_at`=? WHERE `id` = ?
[2023-02-15T15:56:28.388] [INFO] db - Executing (default): SELECT 1+1 AS result
[2023-02-15T15:56:36.225] [INFO] db - Executing (default): SELECT 1+1 AS result
[2023-02-15T15:57:37.183] [INFO] db - Executing (default): SELECT 1+1 AS result
[2023-02-15T15:59:39.698] [INFO] db - Executing (default): SELECT 1+1 AS result
[2023-02-15T15:59:41.927] [INFO] db - Executing (default): SELECT `id`, `username`, `password`, `created_at`, `updated_at` FROM `user` AS `User` WHERE `User`.`username` = 'wzc' LIMIT 1;
[2023-02-15T15:59:41.934] [INFO] db - Executing (default): UPDATE `user` SET `username`=?,`password`=?,`updated_at`=? WHERE `username` = ?
[2023-02-15T16:01:21.890] [INFO] db - Executing (default): SELECT 1+1 AS result
[2023-02-15T16:01:24.682] [INFO] db - Executing (default): SELECT 1+1 AS result
[2023-02-15T16:01:40.060] [INFO] db - Executing (default): SELECT 1+1 AS result
[2023-02-15T16:02:12.267] [INFO] db - Executing (default): SELECT 1+1 AS result
[2023-02-15T16:02:33.420] [INFO] db - Executing (default): SELECT 1+1 AS result
[2023-02-16T14:04:09.865] [INFO] db - Executing (default): SELECT 1+1 AS result
[2023-03-02T16:00:22.650] [INFO] db - Executing (default): SELECT 1+1 AS result
[2023-03-02T16:00:57.309] [INFO] db - Executing (default): SELECT 1+1 AS result
[2023-03-02T16:04:04.723] [INFO] db - Executing (default): SELECT 1+1 AS result
[2023-03-02T16:04:08.850] [INFO] db - Executing (default): SELECT 1+1 AS result
[2023-03-02T16:05:45.604] [INFO] db - Executing (default): SELECT 1+1 AS result
[2023-03-02T16:06:06.704] [INFO] db - Executing (default): SELECT 1+1 AS result
[2023-03-02T16:07:19.667] [INFO] db - Executing (default): SELECT 1+1 AS result
[2023-03-02T16:08:13.815] [INFO] db - Executing (default): SELECT 1+1 AS result
[2023-03-02T16:08:35.424] [INFO] db - Executing (default): SELECT 1+1 AS result
[2023-03-02T16:08:58.712] [INFO] db - Executing (default): SELECT 1+1 AS result
[2023-03-02T16:09:22.985] [INFO] db - Executing (default): SELECT 1+1 AS result
[2023-03-02T16:10:32.383] [INFO] db - Executing (default): SELECT 1+1 AS result
[2023-03-02T16:10:59.081] [INFO] db - Executing (default): SELECT 1+1 AS result
[2023-03-02T16:14:57.360] [INFO] db - Executing (default): SELECT 1+1 AS result
[2023-03-02T16:15:13.979] [INFO] db - Executing (default): SELECT 1+1 AS result
[2023-03-02T16:15:48.499] [INFO] db - Executing (default): SELECT 1+1 AS result
[2023-03-02T16:20:04.743] [INFO] db - Executing (default): SELECT 1+1 AS result
[2023-03-02T16:20:40.190] [INFO] db - Executing (default): SELECT 1+1 AS result
[2023-03-02T16:21:18.443] [INFO] db - Executing (default): SELECT 1+1 AS result
[2023-03-02T16:22:07.261] [INFO] db - Executing (default): SELECT 1+1 AS result
[2023-03-02T16:22:26.827] [INFO] db - Executing (default): SELECT 1+1 AS result
[2023-03-02T16:23:04.237] [INFO] db - Executing (default): SELECT 1+1 AS result
[2023-03-02T16:23:20.652] [INFO] db - Executing (default): SELECT 1+1 AS result
[2023-03-02T16:24:08.086] [INFO] db - Executing (default): SELECT 1+1 AS result
[2023-03-02T16:24:37.991] [INFO] db - Executing (default): SELECT 1+1 AS result
[2023-03-02T16:25:59.548] [INFO] db - Executing (default): SELECT 1+1 AS result
[2023-03-02T16:38:05.709] [INFO] db - Executing (default): SELECT 1+1 AS result
[2023-03-02T17:03:18.574] [INFO] db - Executing (default): SELECT 1+1 AS result
[2023-03-02T17:03:42.559] [INFO] db - Executing (default): SELECT 1+1 AS result
[2023-03-02T17:04:09.366] [INFO] db - Executing (default): SELECT 1+1 AS result
[2023-03-02T17:05:00.031] [INFO] db - Executing (default): SELECT 1+1 AS result
[2023-03-02T17:05:33.191] [INFO] db - Executing (default): SELECT 1+1 AS result
[2023-03-02T17:06:16.115] [INFO] db - Executing (default): SELECT 1+1 AS result
[2023-03-02T17:08:05.467] [INFO] db - Executing (default): SELECT 1+1 AS result
[2023-03-02T17:09:22.590] [INFO] db - Executing (default): SELECT 1+1 AS result
[2023-03-02T17:16:14.144] [INFO] db - Executing (default): SELECT 1+1 AS result
[2023-03-02T17:28:11.988] [INFO] db - Executing (default): SELECT 1+1 AS result
[2023-03-02T17:28:59.461] [INFO] db - Executing (default): SELECT 1+1 AS result
[2023-03-02T17:30:34.944] [INFO] db - Executing (default): SELECT 1+1 AS result
[2023-03-02T17:31:56.912] [INFO] db - Executing (default): SELECT 1+1 AS result
[2023-03-02T17:32:37.372] [INFO] db - Executing (default): SELECT 1+1 AS result
[2023-03-02T17:32:59.561] [INFO] db - Executing (default): SELECT 1+1 AS result
[2023-03-02T17:33:09.062] [INFO] db - Executing (default): SELECT 1+1 AS result
[2023-03-02T17:33:23.011] [INFO] db - Executing (default): SELECT 1+1 AS result
[2023-03-02T17:45:18.270] [INFO] db - Executing (default): SELECT 1+1 AS result
[2023-03-02T17:51:59.923] [INFO] db - Executing (default): SELECT 1+1 AS result
[2023-03-02T17:52:08.661] [INFO] db - Executing (default): SELECT 1+1 AS result
[2023-03-02T17:52:49.291] [INFO] db - Executing (default): SELECT 1+1 AS result
[2023-03-02T17:59:51.035] [INFO] db - Executing (default): SELECT 1+1 AS result
[2023-03-03T14:54:21.538] [INFO] db - Executing (default): SELECT 1+1 AS result
[2023-03-06T13:54:28.045] [INFO] db - Executing (default): SELECT 1+1 AS result
[2023-03-06T14:01:35.595] [INFO] db - Executing (default): SELECT 1+1 AS result
[2023-03-06T14:01:38.219] [INFO] db - Executing (default): SELECT 1+1 AS result
[2023-03-06T14:01:40.350] [INFO] db - Executing (default): SELECT 1+1 AS result
[2023-03-06T14:03:02.381] [INFO] db - Executing (default): SELECT 1+1 AS result
[2023-03-06T14:03:33.521] [INFO] db - Executing (default): SELECT 1+1 AS result
[2023-03-06T14:03:54.956] [INFO] db - Executing (default): SELECT 1+1 AS result
[2023-03-06T14:04:11.860] [INFO] db - Executing (default): SELECT 1+1 AS result
[2023-03-06T14:04:24.785] [INFO] db - Executing (default): SELECT 1+1 AS result
[2023-03-06T14:06:43.074] [INFO] db - Executing (default): SELECT 1+1 AS result
[2023-03-06T14:07:06.809] [INFO] db - Executing (default): SELECT 1+1 AS result
[2023-03-06T14:07:30.757] [INFO] db - Executing (default): SELECT 1+1 AS result
[2023-03-06T14:08:05.989] [INFO] db - Executing (default): SELECT 1+1 AS result
[2023-03-06T14:08:36.107] [INFO] db - Executing (default): SELECT 1+1 AS result
[2023-03-06T14:26:42.242] [INFO] db - Executing (default): SELECT 1+1 AS result
[2023-03-06T15:03:46.395] [INFO] db - Executing (default): SELECT 1+1 AS result
[2023-03-16T17:58:25.461] [INFO] db - Executing (default): SELECT 1+1 AS result
[2023-03-16T18:00:49.173] [INFO] db - Executing (default): SELECT 1+1 AS result
[2023-03-16T18:03:08.709] [INFO] db - Executing (default): SELECT 1+1 AS result
[2023-03-16T18:03:24.614] [INFO] db - Executing (default): SELECT 1+1 AS result
[2023-03-16T18:03:55.561] [INFO] db - Executing (default): SELECT 1+1 AS result
[2023-03-16T18:04:21.889] [INFO] db - Executing (default): SELECT 1+1 AS result
[2023-03-16T18:05:14.943] [INFO] db - Executing (default): SELECT 1+1 AS result
[2023-03-16T18:05:23.579] [INFO] db - Executing (default): SELECT 1+1 AS result
[2023-03-16T18:05:27.039] [INFO] db - Executing (default): SELECT 1+1 AS result
